<?xml version="1.0" encoding="UTF-8"?>
<testsuite xmlns:xsi="http://www.w3.org/2001/XMLSchema-instance" xsi:noNamespaceSchemaLocation="https://maven.apache.org/surefire/maven-surefire-plugin/xsd/surefire-test-report-3.0.xsd" version="3.0" name="com.dailycodebuffer.cricket.CricketAppApplicationTests" time="16.592" tests="1" errors="0" skipped="0" failures="0">
  <properties>
[...]
</properties>
  <testcase name="contextLoads" classname="com.dailycodebuffer.cricket.CricketAppApplicationTests" time="0.86">
    <system-out><![CDATA[21:10:50.438 [main] INFO org.springframework.test.context.support.AnnotationConfigContextLoaderUtils -- Could not detect default configuration classes for test class [com.dailycodebuffer.cricket.CricketAppApplicationTests]: CricketAppApplicationTests does not declare any static, non-private, non-final, nested classes annotated with @Configuration.
21:10:50.719 [main] INFO org.springframework.boot.test.context.SpringBootTestContextBootstrapper -- Found @SpringBootConfiguration com.dailycodebuffer.cricket.CricketAppApplication for test class com.dailycodebuffer.cricket.CricketAppApplicationTests

  .   ____          _            __ _ _
 /\\ / ___'_ __ _ _(_)_ __  __ _ \ \ \ \
( ( )\___ | '_ | '_| | '_ \/ _` | \ \ \ \
 \\/  ___)| |_)| | | | | || (_| |  ) ) ) )
  '  |____| .__|_| |_|_| |_\__, | / / / /
 =========|_|==============|___/=/_/_/_/

 :: Spring Boot ::                (v3.3.1)

2025-08-19T21:10:51.682+05:30 DEBUG 10536 --- [cricket-app] [kground-preinit] org.jboss.logging                        : Logging Provider: org.jboss.logging.Slf4jLoggerProvider found via system property
2025-08-19T21:10:51.787+05:30 DEBUG 10536 --- [cricket-app] [kground-preinit] o.h.v.i.xml.config.ValidationXmlParser   : Trying to load META-INF/validation.xml for XML based Validator configuration.
2025-08-19T21:10:51.789+05:30 DEBUG 10536 --- [cricket-app] [kground-preinit] o.h.v.i.xml.config.ResourceLoaderHelper  : Trying to load META-INF/validation.xml via TCCL
2025-08-19T21:10:51.791+05:30 DEBUG 10536 --- [cricket-app] [kground-preinit] o.h.v.i.xml.config.ResourceLoaderHelper  : Trying to load META-INF/validation.xml via Hibernate Validator's class loader
2025-08-19T21:10:51.791+05:30 DEBUG 10536 --- [cricket-app] [kground-preinit] o.h.v.i.xml.config.ValidationXmlParser   : No META-INF/validation.xml found. Using annotation based configuration only.
2025-08-19T21:10:51.799+05:30 DEBUG 10536 --- [cricket-app] [kground-preinit] o.h.v.i.e.resolver.TraversableResolvers  : Found jakarta.persistence.Persistence on classpath containing 'getPersistenceUtil'. Assuming JPA 2 environment. Trying to instantiate JPA aware TraversableResolver
2025-08-19T21:10:51.800+05:30 DEBUG 10536 --- [cricket-app] [kground-preinit] o.h.v.i.e.resolver.TraversableResolvers  : Instantiated JPA aware TraversableResolver of type org.hibernate.validator.internal.engine.resolver.JPATraversableResolver.
2025-08-19T21:10:51.847+05:30 DEBUG 10536 --- [cricket-app] [kground-preinit] .h.v.m.ResourceBundleMessageInterpolator : Loaded expression factory via original TCCL
2025-08-19T21:10:51.858+05:30  INFO 10536 --- [cricket-app] [           main] c.d.cricket.CricketAppApplicationTests   : Starting CricketAppApplicationTests using Java 22.0.2 with PID 10536 (started by admin in C:\Users\admin\IdeaProjects\cricket-app)
2025-08-19T21:10:51.859+05:30 DEBUG 10536 --- [cricket-app] [           main] c.d.cricket.CricketAppApplicationTests   : Running with Spring Boot v3.3.1, Spring v6.1.10
2025-08-19T21:10:51.862+05:30  INFO 10536 --- [cricket-app] [           main] c.d.cricket.CricketAppApplicationTests   : No active profile set, falling back to 1 default profile: "default"
2025-08-19T21:10:51.863+05:30 DEBUG 10536 --- [cricket-app] [           main] o.s.boot.SpringApplication               : Loading source class com.dailycodebuffer.cricket.CricketAppApplication
2025-08-19T21:10:51.938+05:30 DEBUG 10536 --- [cricket-app] [           main] o.s.w.c.s.GenericWebApplicationContext   : Refreshing org.springframework.web.context.support.GenericWebApplicationContext@3163987e
2025-08-19T21:10:51.992+05:30 DEBUG 10536 --- [cricket-app] [           main] o.s.b.f.s.DefaultListableBeanFactory     : Creating shared instance of singleton bean 'org.springframework.context.annotation.internalConfigurationAnnotationProcessor'
2025-08-19T21:10:52.035+05:30 DEBUG 10536 --- [cricket-app] [           main] o.s.b.f.s.DefaultListableBeanFactory     : Creating shared instance of singleton bean 'org.springframework.boot.autoconfigure.internalCachingMetadataReaderFactory'
2025-08-19T21:10:52.116+05:30 DEBUG 10536 --- [cricket-app] [kground-preinit] .i.e.ValidatorFactoryConfigurationHelper : HV000252: Using org.hibernate.validator.internal.engine.DefaultPropertyNodeNameProvider as property node name provider.
2025-08-19T21:10:52.144+05:30 DEBUG 10536 --- [cricket-app] [kground-preinit] .i.e.ValidatorFactoryConfigurationHelper : HV000234: Using org.hibernate.validator.messageinterpolation.ResourceBundleMessageInterpolator as ValidatorFactory-scoped message interpolator.
2025-08-19T21:10:52.145+05:30 DEBUG 10536 --- [cricket-app] [kground-preinit] .i.e.ValidatorFactoryConfigurationHelper : HV000234: Using org.hibernate.validator.internal.engine.resolver.JPATraversableResolver as ValidatorFactory-scoped traversable resolver.
2025-08-19T21:10:52.146+05:30 DEBUG 10536 --- [cricket-app] [kground-preinit] .i.e.ValidatorFactoryConfigurationHelper : HV000234: Using org.hibernate.validator.internal.util.ExecutableParameterNameProvider as ValidatorFactory-scoped parameter name provider.
2025-08-19T21:10:52.147+05:30 DEBUG 10536 --- [cricket-app] [kground-preinit] .i.e.ValidatorFactoryConfigurationHelper : HV000234: Using org.hibernate.validator.internal.engine.DefaultClockProvider as ValidatorFactory-scoped clock provider.
2025-08-19T21:10:52.148+05:30 DEBUG 10536 --- [cricket-app] [kground-preinit] .i.e.ValidatorFactoryConfigurationHelper : HV000234: Using org.hibernate.validator.internal.engine.scripting.DefaultScriptEvaluatorFactory as ValidatorFactory-scoped script evaluator factory.
2025-08-19T21:10:52.186+05:30 DEBUG 10536 --- [cricket-app] [           main] o.s.c.a.ClassPathBeanDefinitionScanner   : Identified candidate component class: file [C:\Users\admin\IdeaProjects\cricket-app\target\classes\com\dailycodebuffer\cricket\controller\PlayerController.class]
2025-08-19T21:10:52.199+05:30 DEBUG 10536 --- [cricket-app] [           main] o.s.c.a.ClassPathBeanDefinitionScanner   : Identified candidate component class: file [C:\Users\admin\IdeaProjects\cricket-app\target\classes\com\dailycodebuffer\cricket\exception\RestResponseEntityExceptionHandler.class]
2025-08-19T21:10:52.213+05:30 DEBUG 10536 --- [cricket-app] [           main] o.s.c.a.ClassPathBeanDefinitionScanner   : Ignored because not a concrete top-level class: file [C:\Users\admin\IdeaProjects\cricket-app\target\classes\com\dailycodebuffer\cricket\repository\PlayerRepository.class]
2025-08-19T21:10:52.217+05:30 DEBUG 10536 --- [cricket-app] [           main] o.s.c.a.ClassPathBeanDefinitionScanner   : Identified candidate component class: file [C:\Users\admin\IdeaProjects\cricket-app\target\classes\com\dailycodebuffer\cricket\service\PlayerServiceImpl.class]
2025-08-19T21:10:54.533+05:30  INFO 10536 --- [cricket-app] [           main] .s.d.r.c.RepositoryConfigurationDelegate : Bootstrapping Spring Data JPA repositories in DEFAULT mode.
2025-08-19T21:10:54.551+05:30 DEBUG 10536 --- [cricket-app] [           main] o.s.b.f.s.DefaultListableBeanFactory     : Creating shared instance of singleton bean 'org.springframework.boot.autoconfigure.AutoConfigurationPackages'
2025-08-19T21:10:54.564+05:30 DEBUG 10536 --- [cricket-app] [           main] o.s.b.a.AutoConfigurationPackages        : @EnableAutoConfiguration was declared on a class in the package 'com.dailycodebuffer.cricket'. Automatic @Repository and @Entity scanning is enabled.
2025-08-19T21:10:54.565+05:30 DEBUG 10536 --- [cricket-app] [           main] .s.d.r.c.RepositoryConfigurationDelegate : Scanning for JPA repositories in packages com.dailycodebuffer.cricket.
2025-08-19T21:10:54.586+05:30 DEBUG 10536 --- [cricket-app] [           main] o.s.d.r.c.RepositoryComponentProvider    : Identified candidate component class: file [C:\Users\admin\IdeaProjects\cricket-app\target\classes\com\dailycodebuffer\cricket\repository\PlayerRepository.class]
2025-08-19T21:10:54.622+05:30 DEBUG 10536 --- [cricket-app] [           main] ssPathScanningCandidateComponentProvider : Identified candidate component class: file [C:\Users\admin\IdeaProjects\cricket-app\target\classes\com\dailycodebuffer\cricket\service\PlayerServiceImpl.class]
2025-08-19T21:10:54.665+05:30  INFO 10536 --- [cricket-app] [           main] .s.d.r.c.RepositoryConfigurationDelegate : Finished Spring Data repository scanning in 95 ms. Found 1 JPA repository interface.
2025-08-19T21:10:54.971+05:30 DEBUG 10536 --- [cricket-app] [           main] o.s.b.f.s.DefaultListableBeanFactory     : Creating shared instance of singleton bean 'propertySourcesPlaceholderConfigurer'
2025-08-19T21:10:54.981+05:30 DEBUG 10536 --- [cricket-app] [           main] o.s.b.f.s.DefaultListableBeanFactory     : Creating shared instance of singleton bean 'org.springframework.boot.test.mock.mockito.MockitoPostProcessor'
2025-08-19T21:10:54.983+05:30 DEBUG 10536 --- [cricket-app] [           main] o.s.b.f.s.DefaultListableBeanFactory     : Creating shared instance of singleton bean 'emBeanDefinitionRegistrarPostProcessor'
2025-08-19T21:10:54.984+05:30 DEBUG 10536 --- [cricket-app] [           main] o.s.b.f.s.DefaultListableBeanFactory     : Creating shared instance of singleton bean 'org.springframework.boot.sql.init.dependency.DatabaseInitializationDependencyConfigurer$DependsOnDatabaseInitializationPostProcessor'
2025-08-19T21:10:55.166+05:30 DEBUG 10536 --- [cricket-app] [           main] o.s.b.f.s.DefaultListableBeanFactory     : Creating shared instance of singleton bean 'org.springframework.context.event.internalEventListenerProcessor'
2025-08-19T21:10:55.171+05:30 DEBUG 10536 --- [cricket-app] [           main] o.s.b.f.s.DefaultListableBeanFactory     : Creating shared instance of singleton bean 'preserveErrorControllerTargetClassPostProcessor'
2025-08-19T21:10:55.178+05:30 DEBUG 10536 --- [cricket-app] [           main] o.s.b.f.s.DefaultListableBeanFactory     : Creating shared instance of singleton bean 'org.springframework.context.event.internalEventListenerFactory'
2025-08-19T21:10:55.180+05:30 DEBUG 10536 --- [cricket-app] [           main] o.s.b.f.s.DefaultListableBeanFactory     : Creating shared instance of singleton bean 'org.springframework.transaction.config.internalTransactionalEventListenerFactory'
2025-08-19T21:10:55.191+05:30 DEBUG 10536 --- [cricket-app] [           main] o.s.b.f.s.DefaultListableBeanFactory     : Creating shared instance of singleton bean 'org.springframework.boot.test.mock.mockito.MockitoPostProcessor$SpyPostProcessor'
2025-08-19T21:10:55.194+05:30 DEBUG 10536 --- [cricket-app] [           main] o.s.b.f.s.DefaultListableBeanFactory     : Creating shared instance of singleton bean 'org.springframework.context.annotation.internalAutowiredAnnotationProcessor'
2025-08-19T21:10:55.198+05:30 DEBUG 10536 --- [cricket-app] [           main] o.s.b.f.s.DefaultListableBeanFactory     : Creating shared instance of singleton bean 'org.springframework.context.annotation.internalCommonAnnotationProcessor'
2025-08-19T21:10:55.207+05:30 DEBUG 10536 --- [cricket-app] [           main] o.s.b.f.s.DefaultListableBeanFactory     : Creating shared instance of singleton bean 'org.springframework.context.annotation.internalPersistenceAnnotationProcessor'
2025-08-19T21:10:55.209+05:30 DEBUG 10536 --- [cricket-app] [           main] o.s.b.f.s.DefaultListableBeanFactory     : Creating shared instance of singleton bean 'org.springframework.boot.context.properties.ConfigurationPropertiesBindingPostProcessor'
2025-08-19T21:10:55.211+05:30 DEBUG 10536 --- [cricket-app] [           main] o.s.b.f.s.DefaultListableBeanFactory     : Creating shared instance of singleton bean 'org.springframework.boot.context.internalConfigurationPropertiesBinder'
2025-08-19T21:10:55.219+05:30 DEBUG 10536 --- [cricket-app] [           main] o.s.b.f.s.DefaultListableBeanFactory     : Creating shared instance of singleton bean 'jdbcConnectionDetailsHikariBeanPostProcessor'
2025-08-19T21:10:55.227+05:30 DEBUG 10536 --- [cricket-app] [           main] o.s.b.f.s.DefaultListableBeanFactory     : Creating shared instance of singleton bean 'methodValidationPostProcessor'
2025-08-19T21:10:55.271+05:30 DEBUG 10536 --- [cricket-app] [           main] o.s.b.f.s.DefaultListableBeanFactory     : Autowiring by type from bean name 'methodValidationPostProcessor' via factory method to bean named 'environment'
2025-08-19T21:10:55.277+05:30 DEBUG 10536 --- [cricket-app] [           main] o.s.b.f.s.DefaultListableBeanFactory     : Creating shared instance of singleton bean 'org.springframework.boot.context.properties.EnableConfigurationPropertiesRegistrar.methodValidationExcludeFilter'
2025-08-19T21:10:55.336+05:30 DEBUG 10536 --- [cricket-app] [           main] o.s.b.f.s.DefaultListableBeanFactory     : Creating shared instance of singleton bean 'org.springframework.aop.config.internalAutoProxyCreator'
2025-08-19T21:10:55.373+05:30 DEBUG 10536 --- [cricket-app] [           main] o.s.b.f.s.DefaultListableBeanFactory     : Creating shared instance of singleton bean 'persistenceExceptionTranslationPostProcessor'
2025-08-19T21:10:55.377+05:30 DEBUG 10536 --- [cricket-app] [           main] o.s.b.f.s.DefaultListableBeanFactory     : Autowiring by type from bean name 'persistenceExceptionTranslationPostProcessor' via factory method to bean named 'environment'
2025-08-19T21:10:55.381+05:30 DEBUG 10536 --- [cricket-app] [           main] o.s.b.f.s.DefaultListableBeanFactory     : Creating shared instance of singleton bean 'webServerFactoryCustomizerBeanPostProcessor'
2025-08-19T21:10:55.383+05:30 DEBUG 10536 --- [cricket-app] [           main] o.s.b.f.s.DefaultListableBeanFactory     : Creating shared instance of singleton bean 'errorPageRegistrarBeanPostProcessor'
2025-08-19T21:10:55.384+05:30 DEBUG 10536 --- [cricket-app] [           main] o.s.b.f.s.DefaultListableBeanFactory     : Creating shared instance of singleton bean 'healthEndpointGroupsBeanPostProcessor'
2025-08-19T21:10:55.385+05:30 DEBUG 10536 --- [cricket-app] [           main] o.s.b.f.s.DefaultListableBeanFactory     : Creating shared instance of singleton bean 'org.springframework.transaction.config.internalTransactionAdvisor'
2025-08-19T21:10:55.386+05:30 DEBUG 10536 --- [cricket-app] [           main] o.s.b.f.s.DefaultListableBeanFactory     : Creating shared instance of singleton bean 'org.springframework.transaction.annotation.ProxyTransactionManagementConfiguration'
2025-08-19T21:10:55.439+05:30 DEBUG 10536 --- [cricket-app] [           main] .s.a.a.a.ReflectiveAspectJAdvisorFactory : Found AspectJ method: public java.lang.Object io.micrometer.observation.aop.ObservedAspect.observeClass(org.aspectj.lang.ProceedingJoinPoint) throws java.lang.Throwable
2025-08-19T21:10:55.441+05:30 DEBUG 10536 --- [cricket-app] [           main] .s.a.a.a.ReflectiveAspectJAdvisorFactory : Found AspectJ method: public java.lang.Object io.micrometer.observation.aop.ObservedAspect.observeMethod(org.aspectj.lang.ProceedingJoinPoint) throws java.lang.Throwable
2025-08-19T21:10:55.759+05:30 DEBUG 10536 --- [cricket-app] [           main] o.s.b.f.s.DefaultListableBeanFactory     : Creating shared instance of singleton bean 'transactionAttributeSource'
2025-08-19T21:10:55.774+05:30 DEBUG 10536 --- [cricket-app] [           main] o.s.b.f.s.DefaultListableBeanFactory     : Creating shared instance of singleton bean 'transactionInterceptor'
2025-08-19T21:10:55.776+05:30 DEBUG 10536 --- [cricket-app] [           main] o.s.b.f.s.DefaultListableBeanFactory     : Autowiring by type from bean name 'transactionInterceptor' via factory method to bean named 'transactionAttributeSource'
2025-08-19T21:10:55.788+05:30 DEBUG 10536 --- [cricket-app] [           main] o.s.b.f.s.DefaultListableBeanFactory     : Autowiring by type from bean name 'org.springframework.transaction.config.internalTransactionAdvisor' via factory method to bean named 'transactionAttributeSource'
2025-08-19T21:10:55.788+05:30 DEBUG 10536 --- [cricket-app] [           main] o.s.b.f.s.DefaultListableBeanFactory     : Autowiring by type from bean name 'org.springframework.transaction.config.internalTransactionAdvisor' via factory method to bean named 'transactionInterceptor'
2025-08-19T21:10:55.806+05:30 DEBUG 10536 --- [cricket-app] [           main] o.s.b.f.s.DefaultListableBeanFactory     : Creating shared instance of singleton bean 'meterRegistryPostProcessor'
2025-08-19T21:10:55.809+05:30 DEBUG 10536 --- [cricket-app] [           main] o.s.b.f.s.DefaultListableBeanFactory     : Autowiring by type from bean name 'meterRegistryPostProcessor' via factory method to bean named 'org.springframework.web.context.support.GenericWebApplicationContext@3163987e'
2025-08-19T21:10:55.819+05:30 DEBUG 10536 --- [cricket-app] [           main] o.s.b.f.s.DefaultListableBeanFactory     : Creating shared instance of singleton bean 'metricsRepositoryMethodInvocationListenerBeanPostProcessor'
2025-08-19T21:10:55.825+05:30 DEBUG 10536 --- [cricket-app] [           main] o.s.b.f.s.DefaultListableBeanFactory     : Creating shared instance of singleton bean 'observationRegistryPostProcessor'
2025-08-19T21:10:55.835+05:30 DEBUG 10536 --- [cricket-app] [           main] o.s.b.f.s.DefaultListableBeanFactory     : Creating shared instance of singleton bean 'projectingArgumentResolverBeanPostProcessor'
2025-08-19T21:10:55.865+05:30 DEBUG 10536 --- [cricket-app] [           main] o.s.u.c.s.UiApplicationContextUtils      : Unable to locate ThemeSource with name 'themeSource': using default [org.springframework.ui.context.support.ResourceBundleThemeSource@69d103f0]
2025-08-19T21:10:55.867+05:30 DEBUG 10536 --- [cricket-app] [           main] o.s.b.f.s.DefaultListableBeanFactory     : Creating shared instance of singleton bean 'dataSourceScriptDatabaseInitializer'
2025-08-19T21:10:55.868+05:30 DEBUG 10536 --- [cricket-app] [           main] o.s.b.f.s.DefaultListableBeanFactory     : Creating shared instance of singleton bean 'org.springframework.boot.autoconfigure.sql.init.DataSourceInitializationConfiguration'
2025-08-19T21:10:55.878+05:30 DEBUG 10536 --- [cricket-app] [           main] o.s.b.f.s.DefaultListableBeanFactory     : Creating shared instance of singleton bean 'dataSource'
2025-08-19T21:10:55.879+05:30 DEBUG 10536 --- [cricket-app] [           main] o.s.b.f.s.DefaultListableBeanFactory     : Creating shared instance of singleton bean 'org.springframework.boot.autoconfigure.jdbc.DataSourceConfiguration$Hikari'
2025-08-19T21:10:55.883+05:30 DEBUG 10536 --- [cricket-app] [           main] o.s.b.f.s.DefaultListableBeanFactory     : Creating shared instance of singleton bean 'spring.datasource-org.springframework.boot.autoconfigure.jdbc.DataSourceProperties'
2025-08-19T21:10:55.886+05:30 DEBUG 10536 --- [cricket-app] [           main] o.s.b.f.s.DefaultListableBeanFactory     : Creating shared instance of singleton bean 'org.springframework.boot.context.properties.BoundConfigurationProperties'
2025-08-19T21:10:55.931+05:30 DEBUG 10536 --- [cricket-app] [           main] o.s.b.f.s.DefaultListableBeanFactory     : Creating shared instance of singleton bean 'jdbcConnectionDetails'
2025-08-19T21:10:55.932+05:30 DEBUG 10536 --- [cricket-app] [           main] o.s.b.f.s.DefaultListableBeanFactory     : Creating shared instance of singleton bean 'org.springframework.boot.autoconfigure.jdbc.DataSourceAutoConfiguration$PooledDataSourceConfiguration'
2025-08-19T21:10:55.936+05:30 DEBUG 10536 --- [cricket-app] [           main] o.s.b.f.s.DefaultListableBeanFactory     : Autowiring by type from bean name 'jdbcConnectionDetails' via factory method to bean named 'spring.datasource-org.springframework.boot.autoconfigure.jdbc.DataSourceProperties'
2025-08-19T21:10:55.940+05:30 DEBUG 10536 --- [cricket-app] [           main] o.s.b.f.s.DefaultListableBeanFactory     : Autowiring by type from bean name 'dataSource' via factory method to bean named 'spring.datasource-org.springframework.boot.autoconfigure.jdbc.DataSourceProperties'
2025-08-19T21:10:55.941+05:30 DEBUG 10536 --- [cricket-app] [           main] o.s.b.f.s.DefaultListableBeanFactory     : Autowiring by type from bean name 'dataSource' via factory method to bean named 'jdbcConnectionDetails'
2025-08-19T21:10:55.948+05:30 DEBUG 10536 --- [cricket-app] [           main] com.zaxxer.hikari.HikariConfig           : Driver class com.mysql.cj.jdbc.Driver found in Thread context class loader jdk.internal.loader.ClassLoaders$AppClassLoader@70dea4e
2025-08-19T21:10:56.035+05:30 DEBUG 10536 --- [cricket-app] [           main] o.s.b.f.s.DefaultListableBeanFactory     : Creating shared instance of singleton bean 'spring.sql.init-org.springframework.boot.autoconfigure.sql.init.SqlInitializationProperties'
2025-08-19T21:10:56.048+05:30 DEBUG 10536 --- [cricket-app] [           main] o.s.b.f.s.DefaultListableBeanFactory     : Autowiring by type from bean name 'dataSourceScriptDatabaseInitializer' via factory method to bean named 'dataSource'
2025-08-19T21:10:56.049+05:30 DEBUG 10536 --- [cricket-app] [           main] o.s.b.f.s.DefaultListableBeanFactory     : Autowiring by type from bean name 'dataSourceScriptDatabaseInitializer' via factory method to bean named 'spring.sql.init-org.springframework.boot.autoconfigure.sql.init.SqlInitializationProperties'
2025-08-19T21:10:56.069+05:30 DEBUG 10536 --- [cricket-app] [           main] o.s.b.f.s.DefaultListableBeanFactory     : Creating shared instance of singleton bean 'entityManagerFactory'
2025-08-19T21:10:56.070+05:30 DEBUG 10536 --- [cricket-app] [           main] o.s.b.f.s.DefaultListableBeanFactory     : Creating shared instance of singleton bean 'org.springframework.boot.autoconfigure.orm.jpa.HibernateJpaConfiguration'
2025-08-19T21:10:56.074+05:30 DEBUG 10536 --- [cricket-app] [           main] o.s.b.f.s.DefaultListableBeanFactory     : Creating shared instance of singleton bean 'spring.jpa-org.springframework.boot.autoconfigure.orm.jpa.JpaProperties'
2025-08-19T21:10:56.087+05:30 DEBUG 10536 --- [cricket-app] [           main] o.s.b.f.s.DefaultListableBeanFactory     : Creating shared instance of singleton bean 'spring.jpa.hibernate-org.springframework.boot.autoconfigure.orm.jpa.HibernateProperties'
2025-08-19T21:10:56.097+05:30 DEBUG 10536 --- [cricket-app] [           main] o.s.b.f.s.DefaultListableBeanFactory     : Autowiring by type from bean name 'org.springframework.boot.autoconfigure.orm.jpa.HibernateJpaConfiguration' via constructor to bean named 'dataSource'
2025-08-19T21:10:56.098+05:30 DEBUG 10536 --- [cricket-app] [           main] o.s.b.f.s.DefaultListableBeanFactory     : Autowiring by type from bean name 'org.springframework.boot.autoconfigure.orm.jpa.HibernateJpaConfiguration' via constructor to bean named 'spring.jpa-org.springframework.boot.autoconfigure.orm.jpa.JpaProperties'
2025-08-19T21:10:56.098+05:30 DEBUG 10536 --- [cricket-app] [           main] o.s.b.f.s.DefaultListableBeanFactory     : Autowiring by type from bean name 'org.springframework.boot.autoconfigure.orm.jpa.HibernateJpaConfiguration' via constructor to bean named 'org.springframework.beans.factory.support.DefaultListableBeanFactory@66bfd864'
2025-08-19T21:10:56.098+05:30 DEBUG 10536 --- [cricket-app] [           main] o.s.b.f.s.DefaultListableBeanFactory     : Autowiring by type from bean name 'org.springframework.boot.autoconfigure.orm.jpa.HibernateJpaConfiguration' via constructor to bean named 'spring.jpa.hibernate-org.springframework.boot.autoconfigure.orm.jpa.HibernateProperties'
2025-08-19T21:10:56.108+05:30 DEBUG 10536 --- [cricket-app] [           main] o.s.b.f.s.DefaultListableBeanFactory     : Creating shared instance of singleton bean 'hikariPoolDataSourceMetadataProvider'
2025-08-19T21:10:56.109+05:30 DEBUG 10536 --- [cricket-app] [           main] o.s.b.f.s.DefaultListableBeanFactory     : Creating shared instance of singleton bean 'org.springframework.boot.autoconfigure.jdbc.metadata.DataSourcePoolMetadataProvidersConfiguration$HikariPoolDataSourceMetadataProviderConfiguration'
2025-08-19T21:10:56.146+05:30 DEBUG 10536 --- [cricket-app] [           main] o.s.b.f.s.DefaultListableBeanFactory     : Creating shared instance of singleton bean 'entityManagerFactoryBuilder'
2025-08-19T21:10:56.148+05:30 DEBUG 10536 --- [cricket-app] [           main] o.s.b.f.s.DefaultListableBeanFactory     : Creating shared instance of singleton bean 'jpaVendorAdapter'
2025-08-19T21:10:56.192+05:30 DEBUG 10536 --- [cricket-app] [           main] o.s.b.f.s.DefaultListableBeanFactory     : Autowiring by type from bean name 'entityManagerFactoryBuilder' via factory method to bean named 'jpaVendorAdapter'
2025-08-19T21:10:56.205+05:30 DEBUG 10536 --- [cricket-app] [           main] o.s.b.f.s.DefaultListableBeanFactory     : Creating shared instance of singleton bean 'persistenceManagedTypes'
2025-08-19T21:10:56.209+05:30 DEBUG 10536 --- [cricket-app] [           main] o.s.b.f.s.DefaultListableBeanFactory     : Autowiring by type from bean name 'persistenceManagedTypes' via factory method to bean named 'org.springframework.beans.factory.support.DefaultListableBeanFactory@66bfd864'
2025-08-19T21:10:56.210+05:30 DEBUG 10536 --- [cricket-app] [           main] o.s.b.f.s.DefaultListableBeanFactory     : Autowiring by type from bean name 'persistenceManagedTypes' via factory method to bean named 'org.springframework.web.context.support.GenericWebApplicationContext@3163987e'
2025-08-19T21:10:56.236+05:30 DEBUG 10536 --- [cricket-app] [           main] o.s.b.f.s.DefaultListableBeanFactory     : Autowiring by type from bean name 'entityManagerFactory' via factory method to bean named 'entityManagerFactoryBuilder'
2025-08-19T21:10:56.236+05:30 DEBUG 10536 --- [cricket-app] [           main] o.s.b.f.s.DefaultListableBeanFactory     : Autowiring by type from bean name 'entityManagerFactory' via factory method to bean named 'persistenceManagedTypes'
2025-08-19T21:10:56.276+05:30 DEBUG 10536 --- [cricket-app] [           main] j.LocalContainerEntityManagerFactoryBean : Building JPA container EntityManagerFactory for persistence unit 'default'
2025-08-19T21:10:56.306+05:30 DEBUG 10536 --- [cricket-app] [           main] o.hibernate.jpa.internal.util.LogHelper  : PersistenceUnitInfo [
	name: default
	persistence provider classname: null
	classloader: jdk.internal.loader.ClassLoaders$AppClassLoader@70dea4e
	excludeUnlistedClasses: true
	JTA datasource: null
	Non JTA datasource: HikariDataSource (null)
	Transaction type: RESOURCE_LOCAL
	PU root URL: file:/C:/Users/admin/IdeaProjects/cricket-app/target/test-classes/
	Shared Cache Mode: UNSPECIFIED
	Validation Mode: AUTO
	Jar files URLs []
	Managed classes names [
		com.dailycodebuffer.cricket.entity.PlayerEntity]
	Mapping files names []
	Properties []
2025-08-19T21:10:56.329+05:30 DEBUG 10536 --- [cricket-app] [           main] o.h.i.internal.IntegratorServiceImpl     : Adding Integrator [org.hibernate.boot.beanvalidation.BeanValidationIntegrator].
2025-08-19T21:10:56.332+05:30 DEBUG 10536 --- [cricket-app] [           main] o.h.i.internal.IntegratorServiceImpl     : Adding Integrator [org.hibernate.cache.internal.CollectionCacheInvalidator].
2025-08-19T21:10:56.402+05:30  INFO 10536 --- [cricket-app] [           main] org.hibernate.Version                    : HHH000412: Hibernate ORM core version 6.5.2.Final
2025-08-19T21:10:56.406+05:30 DEBUG 10536 --- [cricket-app] [           main] org.hibernate.cfg.Environment            : HHH000206: 'hibernate.properties' not found
2025-08-19T21:10:56.481+05:30 DEBUG 10536 --- [cricket-app] [           main] org.hibernate.orm.idgen.factory          : Registering IdentifierGenerator strategy [uuid2] -> [org.hibernate.id.UUIDGenerator]
2025-08-19T21:10:56.483+05:30 DEBUG 10536 --- [cricket-app] [           main] org.hibernate.orm.idgen.factory          : Registering IdentifierGenerator strategy [guid] -> [org.hibernate.id.GUIDGenerator]
2025-08-19T21:10:56.485+05:30 DEBUG 10536 --- [cricket-app] [           main] org.hibernate.orm.idgen.factory          : Registering IdentifierGenerator strategy [uuid] -> [org.hibernate.id.UUIDHexGenerator]
2025-08-19T21:10:56.486+05:30 DEBUG 10536 --- [cricket-app] [           main] org.hibernate.orm.idgen.factory          : Registering IdentifierGenerator strategy [uuid.hex] -> [org.hibernate.id.UUIDHexGenerator]
2025-08-19T21:10:56.486+05:30 DEBUG 10536 --- [cricket-app] [           main] org.hibernate.orm.idgen.factory          : Registering IdentifierGenerator strategy [assigned] -> [org.hibernate.id.Assigned]
2025-08-19T21:10:56.488+05:30 DEBUG 10536 --- [cricket-app] [           main] org.hibernate.orm.idgen.factory          : Registering IdentifierGenerator strategy [identity] -> [org.hibernate.id.IdentityGenerator]
2025-08-19T21:10:56.489+05:30 DEBUG 10536 --- [cricket-app] [           main] org.hibernate.orm.idgen.factory          : Registering IdentifierGenerator strategy [select] -> [org.hibernate.id.SelectGenerator]
2025-08-19T21:10:56.494+05:30 DEBUG 10536 --- [cricket-app] [           main] org.hibernate.orm.idgen.factory          : Registering IdentifierGenerator strategy [sequence] -> [org.hibernate.id.enhanced.SequenceStyleGenerator]
2025-08-19T21:10:56.495+05:30 DEBUG 10536 --- [cricket-app] [           main] org.hibernate.orm.idgen.factory          : Registering IdentifierGenerator strategy [increment] -> [org.hibernate.id.IncrementGenerator]
2025-08-19T21:10:56.497+05:30 DEBUG 10536 --- [cricket-app] [           main] org.hibernate.orm.idgen.factory          : Registering IdentifierGenerator strategy [foreign] -> [org.hibernate.id.ForeignGenerator]
2025-08-19T21:10:56.498+05:30 DEBUG 10536 --- [cricket-app] [           main] org.hibernate.orm.idgen.factory          : Registering IdentifierGenerator strategy [enhanced-sequence] -> [org.hibernate.id.enhanced.SequenceStyleGenerator]
2025-08-19T21:10:56.500+05:30 DEBUG 10536 --- [cricket-app] [           main] org.hibernate.orm.idgen.factory          : Registering IdentifierGenerator strategy [enhanced-table] -> [org.hibernate.id.enhanced.TableGenerator]
2025-08-19T21:10:56.520+05:30 DEBUG 10536 --- [cricket-app] [           main] o.h.c.internal.RegionFactoryInitiator    : Cannot default RegionFactory based on registered strategies as `[]` RegionFactory strategies were registered
2025-08-19T21:10:56.522+05:30  INFO 10536 --- [cricket-app] [           main] o.h.c.internal.RegionFactoryInitiator    : HHH000026: Second-level cache disabled
2025-08-19T21:10:56.765+05:30 DEBUG 10536 --- [cricket-app] [           main] org.hibernate.type.BasicTypeRegistry     : Adding type registration boolean -> org.hibernate.type.BasicTypeReference@1edf71d9
2025-08-19T21:10:56.765+05:30 DEBUG 10536 --- [cricket-app] [           main] org.hibernate.type.BasicTypeRegistry     : Adding type registration boolean -> org.hibernate.type.BasicTypeReference@1edf71d9
2025-08-19T21:10:56.766+05:30 DEBUG 10536 --- [cricket-app] [           main] org.hibernate.type.BasicTypeRegistry     : Adding type registration java.lang.Boolean -> org.hibernate.type.BasicTypeReference@1edf71d9
2025-08-19T21:10:56.766+05:30 DEBUG 10536 --- [cricket-app] [           main] org.hibernate.type.BasicTypeRegistry     : Adding type registration numeric_boolean -> org.hibernate.type.BasicTypeReference@52d9d817
2025-08-19T21:10:56.766+05:30 DEBUG 10536 --- [cricket-app] [           main] org.hibernate.type.BasicTypeRegistry     : Adding type registration org.hibernate.type.NumericBooleanConverter -> org.hibernate.type.BasicTypeReference@52d9d817
2025-08-19T21:10:56.767+05:30 DEBUG 10536 --- [cricket-app] [           main] org.hibernate.type.BasicTypeRegistry     : Adding type registration true_false -> org.hibernate.type.BasicTypeReference@131ba005
2025-08-19T21:10:56.767+05:30 DEBUG 10536 --- [cricket-app] [           main] org.hibernate.type.BasicTypeRegistry     : Adding type registration org.hibernate.type.TrueFalseConverter -> org.hibernate.type.BasicTypeReference@131ba005
2025-08-19T21:10:56.767+05:30 DEBUG 10536 --- [cricket-app] [           main] org.hibernate.type.BasicTypeRegistry     : Adding type registration yes_no -> org.hibernate.type.BasicTypeReference@7f305f34
2025-08-19T21:10:56.767+05:30 DEBUG 10536 --- [cricket-app] [           main] org.hibernate.type.BasicTypeRegistry     : Adding type registration org.hibernate.type.YesNoConverter -> org.hibernate.type.BasicTypeReference@7f305f34
2025-08-19T21:10:56.767+05:30 DEBUG 10536 --- [cricket-app] [           main] org.hibernate.type.BasicTypeRegistry     : Adding type registration byte -> org.hibernate.type.BasicTypeReference@1a84a8b2
2025-08-19T21:10:56.767+05:30 DEBUG 10536 --- [cricket-app] [           main] org.hibernate.type.BasicTypeRegistry     : Adding type registration byte -> org.hibernate.type.BasicTypeReference@1a84a8b2
2025-08-19T21:10:56.767+05:30 DEBUG 10536 --- [cricket-app] [           main] org.hibernate.type.BasicTypeRegistry     : Adding type registration java.lang.Byte -> org.hibernate.type.BasicTypeReference@1a84a8b2
2025-08-19T21:10:56.768+05:30 DEBUG 10536 --- [cricket-app] [           main] org.hibernate.type.BasicTypeRegistry     : Adding type registration binary -> org.hibernate.type.BasicTypeReference@601d295
2025-08-19T21:10:56.768+05:30 DEBUG 10536 --- [cricket-app] [           main] org.hibernate.type.BasicTypeRegistry     : Adding type registration byte[] -> org.hibernate.type.BasicTypeReference@601d295
2025-08-19T21:10:56.768+05:30 DEBUG 10536 --- [cricket-app] [           main] org.hibernate.type.BasicTypeRegistry     : Adding type registration [B -> org.hibernate.type.BasicTypeReference@601d295
2025-08-19T21:10:56.768+05:30 DEBUG 10536 --- [cricket-app] [           main] org.hibernate.type.BasicTypeRegistry     : Adding type registration binary_wrapper -> org.hibernate.type.BasicTypeReference@485451d8
2025-08-19T21:10:56.768+05:30 DEBUG 10536 --- [cricket-app] [           main] org.hibernate.type.BasicTypeRegistry     : Adding type registration wrapper-binary -> org.hibernate.type.BasicTypeReference@485451d8
2025-08-19T21:10:56.768+05:30 DEBUG 10536 --- [cricket-app] [           main] org.hibernate.type.BasicTypeRegistry     : Adding type registration image -> org.hibernate.type.BasicTypeReference@35e07e19
2025-08-19T21:10:56.768+05:30 DEBUG 10536 --- [cricket-app] [           main] org.hibernate.type.BasicTypeRegistry     : Adding type registration blob -> org.hibernate.type.BasicTypeReference@a1e912f
2025-08-19T21:10:56.768+05:30 DEBUG 10536 --- [cricket-app] [           main] org.hibernate.type.BasicTypeRegistry     : Adding type registration java.sql.Blob -> org.hibernate.type.BasicTypeReference@a1e912f
2025-08-19T21:10:56.768+05:30 DEBUG 10536 --- [cricket-app] [           main] org.hibernate.type.BasicTypeRegistry     : Adding type registration materialized_blob -> org.hibernate.type.BasicTypeReference@2036f83
2025-08-19T21:10:56.768+05:30 DEBUG 10536 --- [cricket-app] [           main] org.hibernate.type.BasicTypeRegistry     : Adding type registration materialized_blob_wrapper -> org.hibernate.type.BasicTypeReference@68b3248a
2025-08-19T21:10:56.769+05:30 DEBUG 10536 --- [cricket-app] [           main] org.hibernate.type.BasicTypeRegistry     : Adding type registration short -> org.hibernate.type.BasicTypeReference@5e158f33
2025-08-19T21:10:56.769+05:30 DEBUG 10536 --- [cricket-app] [           main] org.hibernate.type.BasicTypeRegistry     : Adding type registration short -> org.hibernate.type.BasicTypeReference@5e158f33
2025-08-19T21:10:56.769+05:30 DEBUG 10536 --- [cricket-app] [           main] org.hibernate.type.BasicTypeRegistry     : Adding type registration java.lang.Short -> org.hibernate.type.BasicTypeReference@5e158f33
2025-08-19T21:10:56.769+05:30 DEBUG 10536 --- [cricket-app] [           main] org.hibernate.type.BasicTypeRegistry     : Adding type registration integer -> org.hibernate.type.BasicTypeReference@20fcea37
2025-08-19T21:10:56.769+05:30 DEBUG 10536 --- [cricket-app] [           main] org.hibernate.type.BasicTypeRegistry     : Adding type registration int -> org.hibernate.type.BasicTypeReference@20fcea37
2025-08-19T21:10:56.769+05:30 DEBUG 10536 --- [cricket-app] [           main] org.hibernate.type.BasicTypeRegistry     : Adding type registration java.lang.Integer -> org.hibernate.type.BasicTypeReference@20fcea37
2025-08-19T21:10:56.769+05:30 DEBUG 10536 --- [cricket-app] [           main] org.hibernate.type.BasicTypeRegistry     : Adding type registration long -> org.hibernate.type.BasicTypeReference@399af6dc
2025-08-19T21:10:56.769+05:30 DEBUG 10536 --- [cricket-app] [           main] org.hibernate.type.BasicTypeRegistry     : Adding type registration long -> org.hibernate.type.BasicTypeReference@399af6dc
2025-08-19T21:10:56.769+05:30 DEBUG 10536 --- [cricket-app] [           main] org.hibernate.type.BasicTypeRegistry     : Adding type registration java.lang.Long -> org.hibernate.type.BasicTypeReference@399af6dc
2025-08-19T21:10:56.769+05:30 DEBUG 10536 --- [cricket-app] [           main] org.hibernate.type.BasicTypeRegistry     : Adding type registration float -> org.hibernate.type.BasicTypeReference@48fc0211
2025-08-19T21:10:56.769+05:30 DEBUG 10536 --- [cricket-app] [           main] org.hibernate.type.BasicTypeRegistry     : Adding type registration float -> org.hibernate.type.BasicTypeReference@48fc0211
2025-08-19T21:10:56.770+05:30 DEBUG 10536 --- [cricket-app] [           main] org.hibernate.type.BasicTypeRegistry     : Adding type registration java.lang.Float -> org.hibernate.type.BasicTypeReference@48fc0211
2025-08-19T21:10:56.770+05:30 DEBUG 10536 --- [cricket-app] [           main] org.hibernate.type.BasicTypeRegistry     : Adding type registration double -> org.hibernate.type.BasicTypeReference@3ae2702a
2025-08-19T21:10:56.770+05:30 DEBUG 10536 --- [cricket-app] [           main] org.hibernate.type.BasicTypeRegistry     : Adding type registration double -> org.hibernate.type.BasicTypeReference@3ae2702a
2025-08-19T21:10:56.770+05:30 DEBUG 10536 --- [cricket-app] [           main] org.hibernate.type.BasicTypeRegistry     : Adding type registration java.lang.Double -> org.hibernate.type.BasicTypeReference@3ae2702a
2025-08-19T21:10:56.770+05:30 DEBUG 10536 --- [cricket-app] [           main] org.hibernate.type.BasicTypeRegistry     : Adding type registration big_integer -> org.hibernate.type.BasicTypeReference@7d088813
2025-08-19T21:10:56.770+05:30 DEBUG 10536 --- [cricket-app] [           main] org.hibernate.type.BasicTypeRegistry     : Adding type registration java.math.BigInteger -> org.hibernate.type.BasicTypeReference@7d088813
2025-08-19T21:10:56.770+05:30 DEBUG 10536 --- [cricket-app] [           main] org.hibernate.type.BasicTypeRegistry     : Adding type registration big_decimal -> org.hibernate.type.BasicTypeReference@134abd78
2025-08-19T21:10:56.770+05:30 DEBUG 10536 --- [cricket-app] [           main] org.hibernate.type.BasicTypeRegistry     : Adding type registration java.math.BigDecimal -> org.hibernate.type.BasicTypeReference@134abd78
2025-08-19T21:10:56.770+05:30 DEBUG 10536 --- [cricket-app] [           main] org.hibernate.type.BasicTypeRegistry     : Adding type registration character -> org.hibernate.type.BasicTypeReference@3b0ed98a
2025-08-19T21:10:56.770+05:30 DEBUG 10536 --- [cricket-app] [           main] org.hibernate.type.BasicTypeRegistry     : Adding type registration char -> org.hibernate.type.BasicTypeReference@3b0ed98a
2025-08-19T21:10:56.770+05:30 DEBUG 10536 --- [cricket-app] [           main] org.hibernate.type.BasicTypeRegistry     : Adding type registration java.lang.Character -> org.hibernate.type.BasicTypeReference@3b0ed98a
2025-08-19T21:10:56.771+05:30 DEBUG 10536 --- [cricket-app] [           main] org.hibernate.type.BasicTypeRegistry     : Adding type registration character_nchar -> org.hibernate.type.BasicTypeReference@12448de1
2025-08-19T21:10:56.771+05:30 DEBUG 10536 --- [cricket-app] [           main] org.hibernate.type.BasicTypeRegistry     : Adding type registration string -> org.hibernate.type.BasicTypeReference@2b35c7aa
2025-08-19T21:10:56.771+05:30 DEBUG 10536 --- [cricket-app] [           main] org.hibernate.type.BasicTypeRegistry     : Adding type registration java.lang.String -> org.hibernate.type.BasicTypeReference@2b35c7aa
2025-08-19T21:10:56.771+05:30 DEBUG 10536 --- [cricket-app] [           main] org.hibernate.type.BasicTypeRegistry     : Adding type registration nstring -> org.hibernate.type.BasicTypeReference@6dd20ec9
2025-08-19T21:10:56.771+05:30 DEBUG 10536 --- [cricket-app] [           main] org.hibernate.type.BasicTypeRegistry     : Adding type registration characters -> org.hibernate.type.BasicTypeReference@20dd5870
2025-08-19T21:10:56.771+05:30 DEBUG 10536 --- [cricket-app] [           main] org.hibernate.type.BasicTypeRegistry     : Adding type registration char[] -> org.hibernate.type.BasicTypeReference@20dd5870
2025-08-19T21:10:56.771+05:30 DEBUG 10536 --- [cricket-app] [           main] org.hibernate.type.BasicTypeRegistry     : Adding type registration [C -> org.hibernate.type.BasicTypeReference@20dd5870
2025-08-19T21:10:56.771+05:30 DEBUG 10536 --- [cricket-app] [           main] org.hibernate.type.BasicTypeRegistry     : Adding type registration wrapper-characters -> org.hibernate.type.BasicTypeReference@1640f20f
2025-08-19T21:10:56.771+05:30 DEBUG 10536 --- [cricket-app] [           main] org.hibernate.type.BasicTypeRegistry     : Adding type registration text -> org.hibernate.type.BasicTypeReference@134d7ffa
2025-08-19T21:10:56.772+05:30 DEBUG 10536 --- [cricket-app] [           main] org.hibernate.type.BasicTypeRegistry     : Adding type registration ntext -> org.hibernate.type.BasicTypeReference@6e948f1c
2025-08-19T21:10:56.772+05:30 DEBUG 10536 --- [cricket-app] [           main] org.hibernate.type.BasicTypeRegistry     : Adding type registration clob -> org.hibernate.type.BasicTypeReference@24405466
2025-08-19T21:10:56.772+05:30 DEBUG 10536 --- [cricket-app] [           main] org.hibernate.type.BasicTypeRegistry     : Adding type registration java.sql.Clob -> org.hibernate.type.BasicTypeReference@24405466
2025-08-19T21:10:56.772+05:30 DEBUG 10536 --- [cricket-app] [           main] org.hibernate.type.BasicTypeRegistry     : Adding type registration nclob -> org.hibernate.type.BasicTypeReference@35010a6b
2025-08-19T21:10:56.772+05:30 DEBUG 10536 --- [cricket-app] [           main] org.hibernate.type.BasicTypeRegistry     : Adding type registration java.sql.NClob -> org.hibernate.type.BasicTypeReference@35010a6b
2025-08-19T21:10:56.772+05:30 DEBUG 10536 --- [cricket-app] [           main] org.hibernate.type.BasicTypeRegistry     : Adding type registration materialized_clob -> org.hibernate.type.BasicTypeReference@4d4b019e
2025-08-19T21:10:56.772+05:30 DEBUG 10536 --- [cricket-app] [           main] org.hibernate.type.BasicTypeRegistry     : Adding type registration materialized_clob_char_array -> org.hibernate.type.BasicTypeReference@7ed8b44
2025-08-19T21:10:56.772+05:30 DEBUG 10536 --- [cricket-app] [           main] org.hibernate.type.BasicTypeRegistry     : Adding type registration materialized_clob_character_array -> org.hibernate.type.BasicTypeReference@21280cbb
2025-08-19T21:10:56.772+05:30 DEBUG 10536 --- [cricket-app] [           main] org.hibernate.type.BasicTypeRegistry     : Adding type registration materialized_nclob -> org.hibernate.type.BasicTypeReference@1cc708a7
2025-08-19T21:10:56.772+05:30 DEBUG 10536 --- [cricket-app] [           main] org.hibernate.type.BasicTypeRegistry     : Adding type registration materialized_nclob_character_array -> org.hibernate.type.BasicTypeReference@995ad50
2025-08-19T21:10:56.772+05:30 DEBUG 10536 --- [cricket-app] [           main] org.hibernate.type.BasicTypeRegistry     : Adding type registration materialized_nclob_char_array -> org.hibernate.type.BasicTypeReference@6249a08d
2025-08-19T21:10:56.773+05:30 DEBUG 10536 --- [cricket-app] [           main] org.hibernate.type.BasicTypeRegistry     : Adding type registration Duration -> org.hibernate.type.BasicTypeReference@36525ab
2025-08-19T21:10:56.773+05:30 DEBUG 10536 --- [cricket-app] [           main] org.hibernate.type.BasicTypeRegistry     : Adding type registration java.time.Duration -> org.hibernate.type.BasicTypeReference@36525ab
2025-08-19T21:10:56.773+05:30 DEBUG 10536 --- [cricket-app] [           main] org.hibernate.type.BasicTypeRegistry     : Adding type registration LocalDateTime -> org.hibernate.type.BasicTypeReference@27438750
2025-08-19T21:10:56.773+05:30 DEBUG 10536 --- [cricket-app] [           main] org.hibernate.type.BasicTypeRegistry     : Adding type registration java.time.LocalDateTime -> org.hibernate.type.BasicTypeReference@27438750
2025-08-19T21:10:56.773+05:30 DEBUG 10536 --- [cricket-app] [           main] org.hibernate.type.BasicTypeRegistry     : Adding type registration LocalDate -> org.hibernate.type.BasicTypeReference@39851c5
2025-08-19T21:10:56.773+05:30 DEBUG 10536 --- [cricket-app] [           main] org.hibernate.type.BasicTypeRegistry     : Adding type registration java.time.LocalDate -> org.hibernate.type.BasicTypeReference@39851c5
2025-08-19T21:10:56.773+05:30 DEBUG 10536 --- [cricket-app] [           main] org.hibernate.type.BasicTypeRegistry     : Adding type registration LocalTime -> org.hibernate.type.BasicTypeReference@2c7ad4f3
2025-08-19T21:10:56.773+05:30 DEBUG 10536 --- [cricket-app] [           main] org.hibernate.type.BasicTypeRegistry     : Adding type registration java.time.LocalTime -> org.hibernate.type.BasicTypeReference@2c7ad4f3
2025-08-19T21:10:56.773+05:30 DEBUG 10536 --- [cricket-app] [           main] org.hibernate.type.BasicTypeRegistry     : Adding type registration OffsetDateTime -> org.hibernate.type.BasicTypeReference@698f4aa
2025-08-19T21:10:56.773+05:30 DEBUG 10536 --- [cricket-app] [           main] org.hibernate.type.BasicTypeRegistry     : Adding type registration java.time.OffsetDateTime -> org.hibernate.type.BasicTypeReference@698f4aa
2025-08-19T21:10:56.774+05:30 DEBUG 10536 --- [cricket-app] [           main] org.hibernate.type.BasicTypeRegistry     : Adding type registration OffsetDateTimeWithTimezone -> org.hibernate.type.BasicTypeReference@3dda8a2e
2025-08-19T21:10:56.774+05:30 DEBUG 10536 --- [cricket-app] [           main] org.hibernate.type.BasicTypeRegistry     : Adding type registration OffsetDateTimeWithoutTimezone -> org.hibernate.type.BasicTypeReference@7c0de229
2025-08-19T21:10:56.774+05:30 DEBUG 10536 --- [cricket-app] [           main] org.hibernate.type.BasicTypeRegistry     : Adding type registration OffsetTime -> org.hibernate.type.BasicTypeReference@6aa6c17
2025-08-19T21:10:56.774+05:30 DEBUG 10536 --- [cricket-app] [           main] org.hibernate.type.BasicTypeRegistry     : Adding type registration java.time.OffsetTime -> org.hibernate.type.BasicTypeReference@6aa6c17
2025-08-19T21:10:56.774+05:30 DEBUG 10536 --- [cricket-app] [           main] org.hibernate.type.BasicTypeRegistry     : Adding type registration OffsetTimeUtc -> org.hibernate.type.BasicTypeReference@4756e5cc
2025-08-19T21:10:56.774+05:30 DEBUG 10536 --- [cricket-app] [           main] org.hibernate.type.BasicTypeRegistry     : Adding type registration OffsetTimeWithTimezone -> org.hibernate.type.BasicTypeReference@2e349cf2
2025-08-19T21:10:56.774+05:30 DEBUG 10536 --- [cricket-app] [           main] org.hibernate.type.BasicTypeRegistry     : Adding type registration OffsetTimeWithoutTimezone -> org.hibernate.type.BasicTypeReference@3dbb3fb7
2025-08-19T21:10:56.774+05:30 DEBUG 10536 --- [cricket-app] [           main] org.hibernate.type.BasicTypeRegistry     : Adding type registration ZonedDateTime -> org.hibernate.type.BasicTypeReference@68a426c3
2025-08-19T21:10:56.775+05:30 DEBUG 10536 --- [cricket-app] [           main] org.hibernate.type.BasicTypeRegistry     : Adding type registration java.time.ZonedDateTime -> org.hibernate.type.BasicTypeReference@68a426c3
2025-08-19T21:10:56.775+05:30 DEBUG 10536 --- [cricket-app] [           main] org.hibernate.type.BasicTypeRegistry     : Adding type registration ZonedDateTimeWithTimezone -> org.hibernate.type.BasicTypeReference@182cc69e
2025-08-19T21:10:56.775+05:30 DEBUG 10536 --- [cricket-app] [           main] org.hibernate.type.BasicTypeRegistry     : Adding type registration ZonedDateTimeWithoutTimezone -> org.hibernate.type.BasicTypeReference@12f51a65
2025-08-19T21:10:56.775+05:30 DEBUG 10536 --- [cricket-app] [           main] org.hibernate.type.BasicTypeRegistry     : Adding type registration date -> org.hibernate.type.BasicTypeReference@7657d90b
2025-08-19T21:10:56.775+05:30 DEBUG 10536 --- [cricket-app] [           main] org.hibernate.type.BasicTypeRegistry     : Adding type registration java.sql.Date -> org.hibernate.type.BasicTypeReference@7657d90b
2025-08-19T21:10:56.775+05:30 DEBUG 10536 --- [cricket-app] [           main] org.hibernate.type.BasicTypeRegistry     : Adding type registration time -> org.hibernate.type.BasicTypeReference@3f0c6b3c
2025-08-19T21:10:56.775+05:30 DEBUG 10536 --- [cricket-app] [           main] org.hibernate.type.BasicTypeRegistry     : Adding type registration java.sql.Time -> org.hibernate.type.BasicTypeReference@3f0c6b3c
2025-08-19T21:10:56.775+05:30 DEBUG 10536 --- [cricket-app] [           main] org.hibernate.type.BasicTypeRegistry     : Adding type registration timestamp -> org.hibernate.type.BasicTypeReference@416a4275
2025-08-19T21:10:56.776+05:30 DEBUG 10536 --- [cricket-app] [           main] org.hibernate.type.BasicTypeRegistry     : Adding type registration java.sql.Timestamp -> org.hibernate.type.BasicTypeReference@416a4275
2025-08-19T21:10:56.776+05:30 DEBUG 10536 --- [cricket-app] [           main] org.hibernate.type.BasicTypeRegistry     : Adding type registration java.util.Date -> org.hibernate.type.BasicTypeReference@416a4275
2025-08-19T21:10:56.776+05:30 DEBUG 10536 --- [cricket-app] [           main] org.hibernate.type.BasicTypeRegistry     : Adding type registration calendar -> org.hibernate.type.BasicTypeReference@7bf65e0f
2025-08-19T21:10:56.776+05:30 DEBUG 10536 --- [cricket-app] [           main] org.hibernate.type.BasicTypeRegistry     : Adding type registration java.util.Calendar -> org.hibernate.type.BasicTypeReference@7bf65e0f
2025-08-19T21:10:56.777+05:30 DEBUG 10536 --- [cricket-app] [           main] org.hibernate.type.BasicTypeRegistry     : Adding type registration java.util.GregorianCalendar -> org.hibernate.type.BasicTypeReference@7bf65e0f
2025-08-19T21:10:56.777+05:30 DEBUG 10536 --- [cricket-app] [           main] org.hibernate.type.BasicTypeRegistry     : Adding type registration calendar_date -> org.hibernate.type.BasicTypeReference@6f289728
2025-08-19T21:10:56.777+05:30 DEBUG 10536 --- [cricket-app] [           main] org.hibernate.type.BasicTypeRegistry     : Adding type registration calendar_time -> org.hibernate.type.BasicTypeReference@7c421952
2025-08-19T21:10:56.777+05:30 DEBUG 10536 --- [cricket-app] [           main] org.hibernate.type.BasicTypeRegistry     : Adding type registration instant -> org.hibernate.type.BasicTypeReference@350d26f3
2025-08-19T21:10:56.777+05:30 DEBUG 10536 --- [cricket-app] [           main] org.hibernate.type.BasicTypeRegistry     : Adding type registration java.time.Instant -> org.hibernate.type.BasicTypeReference@350d26f3
2025-08-19T21:10:56.777+05:30 DEBUG 10536 --- [cricket-app] [           main] org.hibernate.type.BasicTypeRegistry     : Adding type registration uuid -> org.hibernate.type.BasicTypeReference@c6a692e
2025-08-19T21:10:56.777+05:30 DEBUG 10536 --- [cricket-app] [           main] org.hibernate.type.BasicTypeRegistry     : Adding type registration java.util.UUID -> org.hibernate.type.BasicTypeReference@c6a692e
2025-08-19T21:10:56.777+05:30 DEBUG 10536 --- [cricket-app] [           main] org.hibernate.type.BasicTypeRegistry     : Adding type registration pg-uuid -> org.hibernate.type.BasicTypeReference@c6a692e
2025-08-19T21:10:56.777+05:30 DEBUG 10536 --- [cricket-app] [           main] org.hibernate.type.BasicTypeRegistry     : Adding type registration uuid-binary -> org.hibernate.type.BasicTypeReference@27502e5c
2025-08-19T21:10:56.777+05:30 DEBUG 10536 --- [cricket-app] [           main] org.hibernate.type.BasicTypeRegistry     : Adding type registration uuid-char -> org.hibernate.type.BasicTypeReference@4b343b6d
2025-08-19T21:10:56.778+05:30 DEBUG 10536 --- [cricket-app] [           main] org.hibernate.type.BasicTypeRegistry     : Adding type registration class -> org.hibernate.type.BasicTypeReference@17d2b646
2025-08-19T21:10:56.778+05:30 DEBUG 10536 --- [cricket-app] [           main] org.hibernate.type.BasicTypeRegistry     : Adding type registration java.lang.Class -> org.hibernate.type.BasicTypeReference@17d2b646
2025-08-19T21:10:56.778+05:30 DEBUG 10536 --- [cricket-app] [           main] org.hibernate.type.BasicTypeRegistry     : Adding type registration currency -> org.hibernate.type.BasicTypeReference@48ae9e8b
2025-08-19T21:10:56.778+05:30 DEBUG 10536 --- [cricket-app] [           main] org.hibernate.type.BasicTypeRegistry     : Adding type registration Currency -> org.hibernate.type.BasicTypeReference@48ae9e8b
2025-08-19T21:10:56.778+05:30 DEBUG 10536 --- [cricket-app] [           main] org.hibernate.type.BasicTypeRegistry     : Adding type registration java.util.Currency -> org.hibernate.type.BasicTypeReference@48ae9e8b
2025-08-19T21:10:56.778+05:30 DEBUG 10536 --- [cricket-app] [           main] org.hibernate.type.BasicTypeRegistry     : Adding type registration locale -> org.hibernate.type.BasicTypeReference@6eaa6b0c
2025-08-19T21:10:56.778+05:30 DEBUG 10536 --- [cricket-app] [           main] org.hibernate.type.BasicTypeRegistry     : Adding type registration java.util.Locale -> org.hibernate.type.BasicTypeReference@6eaa6b0c
2025-08-19T21:10:56.778+05:30 DEBUG 10536 --- [cricket-app] [           main] org.hibernate.type.BasicTypeRegistry     : Adding type registration serializable -> org.hibernate.type.BasicTypeReference@4afcae7
2025-08-19T21:10:56.778+05:30 DEBUG 10536 --- [cricket-app] [           main] org.hibernate.type.BasicTypeRegistry     : Adding type registration java.io.Serializable -> org.hibernate.type.BasicTypeReference@4afcae7
2025-08-19T21:10:56.778+05:30 DEBUG 10536 --- [cricket-app] [           main] org.hibernate.type.BasicTypeRegistry     : Adding type registration timezone -> org.hibernate.type.BasicTypeReference@6cd2cb2
2025-08-19T21:10:56.779+05:30 DEBUG 10536 --- [cricket-app] [           main] org.hibernate.type.BasicTypeRegistry     : Adding type registration java.util.TimeZone -> org.hibernate.type.BasicTypeReference@6cd2cb2
2025-08-19T21:10:56.779+05:30 DEBUG 10536 --- [cricket-app] [           main] org.hibernate.type.BasicTypeRegistry     : Adding type registration ZoneOffset -> org.hibernate.type.BasicTypeReference@3a2bb026
2025-08-19T21:10:56.779+05:30 DEBUG 10536 --- [cricket-app] [           main] org.hibernate.type.BasicTypeRegistry     : Adding type registration java.time.ZoneOffset -> org.hibernate.type.BasicTypeReference@3a2bb026
2025-08-19T21:10:56.779+05:30 DEBUG 10536 --- [cricket-app] [           main] org.hibernate.type.BasicTypeRegistry     : Adding type registration url -> org.hibernate.type.BasicTypeReference@7645e64
2025-08-19T21:10:56.779+05:30 DEBUG 10536 --- [cricket-app] [           main] org.hibernate.type.BasicTypeRegistry     : Adding type registration java.net.URL -> org.hibernate.type.BasicTypeReference@7645e64
2025-08-19T21:10:56.779+05:30 DEBUG 10536 --- [cricket-app] [           main] org.hibernate.type.BasicTypeRegistry     : Adding type registration vector -> org.hibernate.type.BasicTypeReference@7de6549d
2025-08-19T21:10:56.779+05:30 DEBUG 10536 --- [cricket-app] [           main] org.hibernate.type.BasicTypeRegistry     : Adding type registration row_version -> org.hibernate.type.BasicTypeReference@12214f2f
2025-08-19T21:10:56.784+05:30 DEBUG 10536 --- [cricket-app] [           main] org.hibernate.type.BasicTypeRegistry     : Adding type registration object -> org.hibernate.type.JavaObjectType@33187485
2025-08-19T21:10:56.785+05:30 DEBUG 10536 --- [cricket-app] [           main] org.hibernate.type.BasicTypeRegistry     : Adding type registration java.lang.Object -> org.hibernate.type.JavaObjectType@33187485
2025-08-19T21:10:56.786+05:30 DEBUG 10536 --- [cricket-app] [           main] org.hibernate.type.BasicTypeRegistry     : Adding type registration null -> org.hibernate.type.NullType@6caa4dc5
2025-08-19T21:10:56.786+05:30 DEBUG 10536 --- [cricket-app] [           main] org.hibernate.type.BasicTypeRegistry     : Adding type registration imm_date -> org.hibernate.type.BasicTypeReference@6ed51944
2025-08-19T21:10:56.786+05:30 DEBUG 10536 --- [cricket-app] [           main] org.hibernate.type.BasicTypeRegistry     : Adding type registration imm_time -> org.hibernate.type.BasicTypeReference@60c98f25
2025-08-19T21:10:56.786+05:30 DEBUG 10536 --- [cricket-app] [           main] org.hibernate.type.BasicTypeRegistry     : Adding type registration imm_timestamp -> org.hibernate.type.BasicTypeReference@20c3b34b
2025-08-19T21:10:56.786+05:30 DEBUG 10536 --- [cricket-app] [           main] org.hibernate.type.BasicTypeRegistry     : Adding type registration imm_calendar -> org.hibernate.type.BasicTypeReference@1eb906f3
2025-08-19T21:10:56.787+05:30 DEBUG 10536 --- [cricket-app] [           main] org.hibernate.type.BasicTypeRegistry     : Adding type registration imm_calendar_date -> org.hibernate.type.BasicTypeReference@58e02359
2025-08-19T21:10:56.787+05:30 DEBUG 10536 --- [cricket-app] [           main] org.hibernate.type.BasicTypeRegistry     : Adding type registration imm_calendar_time -> org.hibernate.type.BasicTypeReference@74fc3fc7
2025-08-19T21:10:56.787+05:30 DEBUG 10536 --- [cricket-app] [           main] org.hibernate.type.BasicTypeRegistry     : Adding type registration imm_binary -> org.hibernate.type.BasicTypeReference@491893f8
2025-08-19T21:10:56.787+05:30 DEBUG 10536 --- [cricket-app] [           main] org.hibernate.type.BasicTypeRegistry     : Adding type registration imm_serializable -> org.hibernate.type.BasicTypeReference@1f408ab6
2025-08-19T21:10:56.792+05:30 DEBUG 10536 --- [cricket-app] [           main] o.h.boot.internal.BootstrapContextImpl   : Injecting JPA temp ClassLoader [org.springframework.instrument.classloading.SimpleThrowawayClassLoader@47198524] into BootstrapContext; was [null]
2025-08-19T21:10:56.792+05:30 DEBUG 10536 --- [cricket-app] [           main] o.h.boot.internal.ClassLoaderAccessImpl  : ClassLoaderAccessImpl#injectTempClassLoader(org.springframework.instrument.classloading.SimpleThrowawayClassLoader@47198524) [was null]
2025-08-19T21:10:56.793+05:30 DEBUG 10536 --- [cricket-app] [           main] o.h.boot.internal.BootstrapContextImpl   : Injecting ScanEnvironment [org.hibernate.jpa.boot.internal.StandardJpaScanEnvironmentImpl@7d6c4079] into BootstrapContext; was [null]
2025-08-19T21:10:56.793+05:30 DEBUG 10536 --- [cricket-app] [           main] o.h.boot.internal.BootstrapContextImpl   : Injecting ScanOptions [org.hibernate.boot.archive.scan.internal.StandardScanOptions@606b53a3] into BootstrapContext; was [org.hibernate.boot.archive.scan.internal.StandardScanOptions@432c0f1]
2025-08-19T21:10:57.090+05:30  INFO 10536 --- [cricket-app] [           main] o.s.o.j.p.SpringPersistenceUnitInfo      : No LoadTimeWeaver setup: ignoring JPA class transformer
2025-08-19T21:10:57.091+05:30 DEBUG 10536 --- [cricket-app] [           main] o.h.boot.internal.BootstrapContextImpl   : Injecting JPA temp ClassLoader [null] into BootstrapContext; was [org.springframework.instrument.classloading.SimpleThrowawayClassLoader@47198524]
2025-08-19T21:10:57.091+05:30 DEBUG 10536 --- [cricket-app] [           main] o.h.boot.internal.ClassLoaderAccessImpl  : ClassLoaderAccessImpl#injectTempClassLoader(null) [was org.springframework.instrument.classloading.SimpleThrowawayClassLoader@47198524]
2025-08-19T21:10:57.130+05:30 DEBUG 10536 --- [cricket-app] [           main] com.zaxxer.hikari.HikariConfig           : HikariPool-1 - configuration:
2025-08-19T21:10:57.138+05:30 DEBUG 10536 --- [cricket-app] [           main] com.zaxxer.hikari.HikariConfig           : allowPoolSuspension.............false
2025-08-19T21:10:57.139+05:30 DEBUG 10536 --- [cricket-app] [           main] com.zaxxer.hikari.HikariConfig           : autoCommit......................true
2025-08-19T21:10:57.139+05:30 DEBUG 10536 --- [cricket-app] [           main] com.zaxxer.hikari.HikariConfig           : catalog.........................none
2025-08-19T21:10:57.139+05:30 DEBUG 10536 --- [cricket-app] [           main] com.zaxxer.hikari.HikariConfig           : connectionInitSql...............none
2025-08-19T21:10:57.140+05:30 DEBUG 10536 --- [cricket-app] [           main] com.zaxxer.hikari.HikariConfig           : connectionTestQuery.............none
2025-08-19T21:10:57.141+05:30 DEBUG 10536 --- [cricket-app] [           main] com.zaxxer.hikari.HikariConfig           : connectionTimeout...............30000
2025-08-19T21:10:57.141+05:30 DEBUG 10536 --- [cricket-app] [           main] com.zaxxer.hikari.HikariConfig           : dataSource......................none
2025-08-19T21:10:57.142+05:30 DEBUG 10536 --- [cricket-app] [           main] com.zaxxer.hikari.HikariConfig           : dataSourceClassName.............none
2025-08-19T21:10:57.142+05:30 DEBUG 10536 --- [cricket-app] [           main] com.zaxxer.hikari.HikariConfig           : dataSourceJNDI..................none
2025-08-19T21:10:57.143+05:30 DEBUG 10536 --- [cricket-app] [           main] com.zaxxer.hikari.HikariConfig           : dataSourceProperties............{password=<masked>}
2025-08-19T21:10:57.143+05:30 DEBUG 10536 --- [cricket-app] [           main] com.zaxxer.hikari.HikariConfig           : driverClassName................."com.mysql.cj.jdbc.Driver"
2025-08-19T21:10:57.143+05:30 DEBUG 10536 --- [cricket-app] [           main] com.zaxxer.hikari.HikariConfig           : exceptionOverrideClassName......none
2025-08-19T21:10:57.144+05:30 DEBUG 10536 --- [cricket-app] [           main] com.zaxxer.hikari.HikariConfig           : healthCheckProperties...........{}
2025-08-19T21:10:57.144+05:30 DEBUG 10536 --- [cricket-app] [           main] com.zaxxer.hikari.HikariConfig           : healthCheckRegistry.............none
2025-08-19T21:10:57.144+05:30 DEBUG 10536 --- [cricket-app] [           main] com.zaxxer.hikari.HikariConfig           : idleTimeout.....................600000
2025-08-19T21:10:57.144+05:30 DEBUG 10536 --- [cricket-app] [           main] com.zaxxer.hikari.HikariConfig           : initializationFailTimeout.......1
2025-08-19T21:10:57.144+05:30 DEBUG 10536 --- [cricket-app] [           main] com.zaxxer.hikari.HikariConfig           : isolateInternalQueries..........false
2025-08-19T21:10:57.145+05:30 DEBUG 10536 --- [cricket-app] [           main] com.zaxxer.hikari.HikariConfig           : jdbcUrl.........................jdbc:mysql://localhost:3306/cricketdb?createDatabaseIfNotExist=true
2025-08-19T21:10:57.145+05:30 DEBUG 10536 --- [cricket-app] [           main] com.zaxxer.hikari.HikariConfig           : keepaliveTime...................0
2025-08-19T21:10:57.145+05:30 DEBUG 10536 --- [cricket-app] [           main] com.zaxxer.hikari.HikariConfig           : leakDetectionThreshold..........0
2025-08-19T21:10:57.145+05:30 DEBUG 10536 --- [cricket-app] [           main] com.zaxxer.hikari.HikariConfig           : maxLifetime.....................1800000
2025-08-19T21:10:57.146+05:30 DEBUG 10536 --- [cricket-app] [           main] com.zaxxer.hikari.HikariConfig           : maximumPoolSize.................10
2025-08-19T21:10:57.146+05:30 DEBUG 10536 --- [cricket-app] [           main] com.zaxxer.hikari.HikariConfig           : metricRegistry..................none
2025-08-19T21:10:57.146+05:30 DEBUG 10536 --- [cricket-app] [           main] com.zaxxer.hikari.HikariConfig           : metricsTrackerFactory...........none
2025-08-19T21:10:57.146+05:30 DEBUG 10536 --- [cricket-app] [           main] com.zaxxer.hikari.HikariConfig           : minimumIdle.....................10
2025-08-19T21:10:57.146+05:30 DEBUG 10536 --- [cricket-app] [           main] com.zaxxer.hikari.HikariConfig           : password........................<masked>
2025-08-19T21:10:57.146+05:30 DEBUG 10536 --- [cricket-app] [           main] com.zaxxer.hikari.HikariConfig           : poolName........................"HikariPool-1"
2025-08-19T21:10:57.147+05:30 DEBUG 10536 --- [cricket-app] [           main] com.zaxxer.hikari.HikariConfig           : readOnly........................false
2025-08-19T21:10:57.147+05:30 DEBUG 10536 --- [cricket-app] [           main] com.zaxxer.hikari.HikariConfig           : registerMbeans..................false
2025-08-19T21:10:57.148+05:30 DEBUG 10536 --- [cricket-app] [           main] com.zaxxer.hikari.HikariConfig           : scheduledExecutor...............none
2025-08-19T21:10:57.148+05:30 DEBUG 10536 --- [cricket-app] [           main] com.zaxxer.hikari.HikariConfig           : schema..........................none
2025-08-19T21:10:57.148+05:30 DEBUG 10536 --- [cricket-app] [           main] com.zaxxer.hikari.HikariConfig           : threadFactory...................internal
2025-08-19T21:10:57.148+05:30 DEBUG 10536 --- [cricket-app] [           main] com.zaxxer.hikari.HikariConfig           : transactionIsolation............default
2025-08-19T21:10:57.148+05:30 DEBUG 10536 --- [cricket-app] [           main] com.zaxxer.hikari.HikariConfig           : username........................"root"
2025-08-19T21:10:57.148+05:30 DEBUG 10536 --- [cricket-app] [           main] com.zaxxer.hikari.HikariConfig           : validationTimeout...............5000
2025-08-19T21:10:57.148+05:30  INFO 10536 --- [cricket-app] [           main] com.zaxxer.hikari.HikariDataSource       : HikariPool-1 - Starting...
2025-08-19T21:10:57.732+05:30 DEBUG 10536 --- [cricket-app] [           main] jdk.event.security                       : X509Certificate: Alg:SHA256withRSA, Serial:2, Subject:CN=MySQL_Server_8.0.39_Auto_Generated_Server_Certificate, Issuer:CN=MySQL_Server_8.0.39_Auto_Generated_CA_Certificate, Key type:RSA, Length:2048, Cert Id:4226635128, Valid from:02/09/24, 1:18 pm, Valid until:31/08/34, 1:18 pm
2025-08-19T21:10:57.735+05:30 DEBUG 10536 --- [cricket-app] [           main] jdk.event.security                       : X509Certificate: Alg:SHA256withRSA, Serial:1, Subject:CN=MySQL_Server_8.0.39_Auto_Generated_CA_Certificate, Issuer:CN=MySQL_Server_8.0.39_Auto_Generated_CA_Certificate, Key type:RSA, Length:2048, Cert Id:2063443542, Valid from:02/09/24, 1:18 pm, Valid until:31/08/34, 1:18 pm
2025-08-19T21:10:57.766+05:30 DEBUG 10536 --- [cricket-app] [           main] jdk.event.security                       :  TLSHandshake: localhost:3306, TLSv1.3, TLS_AES_256_GCM_SHA384, 4226635128
2025-08-19T21:10:57.828+05:30  INFO 10536 --- [cricket-app] [           main] com.zaxxer.hikari.pool.HikariPool        : HikariPool-1 - Added connection com.mysql.cj.jdbc.ConnectionImpl@45abbd24
2025-08-19T21:10:57.832+05:30  INFO 10536 --- [cricket-app] [           main] com.zaxxer.hikari.HikariDataSource       : HikariPool-1 - Start completed.
2025-08-19T21:10:57.839+05:30 DEBUG 10536 --- [cricket-app] [           main] o.h.e.j.e.i.JdbcEnvironmentInitiator     : Database ->
	   name : MySQL
	version : 8.0.39
	  major : 8
	  minor : 0
2025-08-19T21:10:57.840+05:30 DEBUG 10536 --- [cricket-app] [           main] o.h.e.j.e.i.JdbcEnvironmentInitiator     : Driver ->
	   name : MySQL Connector/J
	version : mysql-connector-j-8.3.0 (Revision: 805f872a57875f311cb82487efcfb070411a3fa0)
	  major : 8
	  minor : 3
2025-08-19T21:10:57.840+05:30 DEBUG 10536 --- [cricket-app] [           main] o.h.e.j.e.i.JdbcEnvironmentInitiator     : JDBC version : 4.2
2025-08-19T21:10:57.937+05:30 DEBUG 10536 --- [cricket-app] [l-1 housekeeper] com.zaxxer.hikari.pool.HikariPool        : HikariPool-1 - Pool stats (total=1, active=1, idle=0, waiting=0)
2025-08-19T21:10:57.963+05:30  WARN 10536 --- [cricket-app] [           main] org.hibernate.orm.deprecation            : HHH90000025: MySQLDialect does not need to be specified explicitly using 'hibernate.dialect' (remove the property setting and it will be selected by default)
2025-08-19T21:10:57.964+05:30 DEBUG 10536 --- [cricket-app] [onnection adder] jdk.event.security                       : X509Certificate: Alg:SHA256withRSA, Serial:2, Subject:CN=MySQL_Server_8.0.39_Auto_Generated_Server_Certificate, Issuer:CN=MySQL_Server_8.0.39_Auto_Generated_CA_Certificate, Key type:RSA, Length:2048, Cert Id:4226635128, Valid from:02/09/24, 1:18 pm, Valid until:31/08/34, 1:18 pm
2025-08-19T21:10:57.966+05:30 DEBUG 10536 --- [cricket-app] [onnection adder] jdk.event.security                       : X509Certificate: Alg:SHA256withRSA, Serial:1, Subject:CN=MySQL_Server_8.0.39_Auto_Generated_CA_Certificate, Issuer:CN=MySQL_Server_8.0.39_Auto_Generated_CA_Certificate, Key type:RSA, Length:2048, Cert Id:2063443542, Valid from:02/09/24, 1:18 pm, Valid until:31/08/34, 1:18 pm
2025-08-19T21:10:57.966+05:30 DEBUG 10536 --- [cricket-app] [           main] org.hibernate.orm.dialect                : HHH035001: Using dialect: org.hibernate.dialect.MySQLDialect, version: 8.0.39
2025-08-19T21:10:57.981+05:30 DEBUG 10536 --- [cricket-app] [onnection adder] jdk.event.security                       :  TLSHandshake: localhost:3306, TLSv1.3, TLS_AES_256_GCM_SHA384, 4226635128
2025-08-19T21:10:57.991+05:30 DEBUG 10536 --- [cricket-app] [           main] o.h.e.j.env.spi.IdentifierHelperBuilder  : JDBC driver metadata reported database stores quoted identifiers in more than one case
2025-08-19T21:10:57.993+05:30 DEBUG 10536 --- [cricket-app] [onnection adder] com.zaxxer.hikari.pool.HikariPool        : HikariPool-1 - Added connection com.mysql.cj.jdbc.ConnectionImpl@74e4e406
2025-08-19T21:10:57.993+05:30 DEBUG 10536 --- [cricket-app] [           main] o.h.e.j.env.spi.IdentifierHelperBuilder  : IdentifierCaseStrategy for both quoted and unquoted identifiers was set to the same strategy [LOWER]; that will likely lead to problems in schema update and validation if using quoted identifiers
2025-08-19T21:10:58.033+05:30 DEBUG 10536 --- [cricket-app] [onnection adder] com.zaxxer.hikari.pool.HikariPool        : HikariPool-1 - After adding stats (total=2, active=0, idle=2, waiting=0)
2025-08-19T21:10:58.033+05:30 DEBUG 10536 --- [cricket-app] [           main] o.h.t.d.sql.spi.DdlTypeRegistry          : addDescriptor(12, org.hibernate.type.descriptor.sql.internal.CapacityDependentDdlType@5b2ff4df) replaced previous registration(org.hibernate.type.descriptor.sql.internal.CapacityDependentDdlType@23dff243)
2025-08-19T21:10:58.034+05:30 DEBUG 10536 --- [cricket-app] [           main] o.h.t.d.sql.spi.DdlTypeRegistry          : addDescriptor(-9, org.hibernate.type.descriptor.sql.internal.CapacityDependentDdlType@4af606e9) replaced previous registration(org.hibernate.type.descriptor.sql.internal.CapacityDependentDdlType@17dbca0a)
2025-08-19T21:10:58.035+05:30 DEBUG 10536 --- [cricket-app] [           main] o.h.t.d.sql.spi.DdlTypeRegistry          : addDescriptor(-3, org.hibernate.type.descriptor.sql.internal.CapacityDependentDdlType@33765d22) replaced previous registration(org.hibernate.type.descriptor.sql.internal.CapacityDependentDdlType@6f67ece5)
2025-08-19T21:10:58.035+05:30 DEBUG 10536 --- [cricket-app] [           main] o.h.t.d.sql.spi.DdlTypeRegistry          : addDescriptor(4003, org.hibernate.type.descriptor.sql.internal.DdlTypeImpl@155c7eae) replaced previous registration(org.hibernate.type.descriptor.sql.internal.DdlTypeImpl@5c9e6d95)
2025-08-19T21:10:58.036+05:30 DEBUG 10536 --- [cricket-app] [           main] o.h.t.d.sql.spi.DdlTypeRegistry          : addDescriptor(4001, org.hibernate.type.descriptor.sql.internal.DdlTypeImpl@5d00b469) replaced previous registration(org.hibernate.type.descriptor.sql.internal.DdlTypeImpl@dd07be8)
2025-08-19T21:10:58.036+05:30 DEBUG 10536 --- [cricket-app] [           main] o.h.t.d.sql.spi.DdlTypeRegistry          : addDescriptor(4002, org.hibernate.type.descriptor.sql.internal.DdlTypeImpl@7b8fcdf2) replaced previous registration(org.hibernate.type.descriptor.sql.internal.DdlTypeImpl@54d2f5d3)
2025-08-19T21:10:58.036+05:30 DEBUG 10536 --- [cricket-app] [           main] o.h.t.d.sql.spi.DdlTypeRegistry          : addDescriptor(2004, org.hibernate.type.descriptor.sql.internal.CapacityDependentDdlType@c29b0dc) replaced previous registration(org.hibernate.type.descriptor.sql.internal.DdlTypeImpl@228958a)
2025-08-19T21:10:58.037+05:30 DEBUG 10536 --- [cricket-app] [           main] o.h.t.d.sql.spi.DdlTypeRegistry          : addDescriptor(2005, org.hibernate.type.descriptor.sql.internal.CapacityDependentDdlType@7cd3860) replaced previous registration(org.hibernate.type.descriptor.sql.internal.DdlTypeImpl@44f23927)
2025-08-19T21:10:58.037+05:30 DEBUG 10536 --- [cricket-app] [           main] o.h.t.d.sql.spi.DdlTypeRegistry          : addDescriptor(2011, org.hibernate.type.descriptor.sql.internal.CapacityDependentDdlType@59cde35) replaced previous registration(org.hibernate.type.descriptor.sql.internal.DdlTypeImpl@43de9fc9)
2025-08-19T21:10:58.044+05:30 DEBUG 10536 --- [cricket-app] [           main] o.h.t.d.jdbc.spi.JdbcTypeRegistry        : addDescriptor(NCharTypeDescriptor) replaced previous registration(CharTypeDescriptor)
2025-08-19T21:10:58.045+05:30 DEBUG 10536 --- [cricket-app] [           main] o.h.t.d.jdbc.spi.JdbcTypeRegistry        : addDescriptor(NVarcharTypeDescriptor) replaced previous registration(VarcharTypeDescriptor)
2025-08-19T21:10:58.045+05:30 DEBUG 10536 --- [cricket-app] [           main] o.h.t.d.jdbc.spi.JdbcTypeRegistry        : addDescriptor(LongNVarcharTypeDescriptor) replaced previous registration(LongVarcharTypeDescriptor)
2025-08-19T21:10:58.048+05:30 DEBUG 10536 --- [cricket-app] [           main] o.h.t.d.jdbc.spi.JdbcTypeRegistry        : addDescriptor(NClobTypeDescriptor(DEFAULT)) replaced previous registration(ClobTypeDescriptor(DEFAULT))
2025-08-19T21:10:58.049+05:30 DEBUG 10536 --- [cricket-app] [           main] o.h.t.d.jdbc.spi.JdbcTypeRegistry        : addDescriptor(2005, ClobTypeDescriptor(STREAM_BINDING)) replaced previous registration(ClobTypeDescriptor(DEFAULT))
2025-08-19T21:10:58.055+05:30 DEBUG 10536 --- [cricket-app] [onnection adder] jdk.event.security                       : X509Certificate: Alg:SHA256withRSA, Serial:2, Subject:CN=MySQL_Server_8.0.39_Auto_Generated_Server_Certificate, Issuer:CN=MySQL_Server_8.0.39_Auto_Generated_CA_Certificate, Key type:RSA, Length:2048, Cert Id:4226635128, Valid from:02/09/24, 1:18 pm, Valid until:31/08/34, 1:18 pm
2025-08-19T21:10:58.057+05:30 DEBUG 10536 --- [cricket-app] [onnection adder] jdk.event.security                       : X509Certificate: Alg:SHA256withRSA, Serial:1, Subject:CN=MySQL_Server_8.0.39_Auto_Generated_CA_Certificate, Issuer:CN=MySQL_Server_8.0.39_Auto_Generated_CA_Certificate, Key type:RSA, Length:2048, Cert Id:2063443542, Valid from:02/09/24, 1:18 pm, Valid until:31/08/34, 1:18 pm
2025-08-19T21:10:58.059+05:30 DEBUG 10536 --- [cricket-app] [           main] org.hibernate.type.BasicTypeRegistry     : Adding type registration null -> org.hibernate.type.NullType@59929ac
2025-08-19T21:10:58.059+05:30 DEBUG 10536 --- [cricket-app] [           main] org.hibernate.type.BasicTypeRegistry     : Type registration key [null] overrode previous entry : `org.hibernate.type.NullType@6caa4dc5`
2025-08-19T21:10:58.065+05:30 DEBUG 10536 --- [cricket-app] [onnection adder] jdk.event.security                       :  TLSHandshake: localhost:3306, TLSv1.3, TLS_AES_256_GCM_SHA384, 4226635128
2025-08-19T21:10:58.076+05:30 DEBUG 10536 --- [cricket-app] [           main] org.hibernate.type.BasicTypeRegistry     : Adding type registration org.hibernate.type.DurationType -> basicType@1(java.time.Duration,3015)
2025-08-19T21:10:58.077+05:30 DEBUG 10536 --- [cricket-app] [           main] org.hibernate.type.BasicTypeRegistry     : Adding type registration Duration -> basicType@1(java.time.Duration,3015)
2025-08-19T21:10:58.077+05:30 DEBUG 10536 --- [cricket-app] [onnection adder] com.zaxxer.hikari.pool.HikariPool        : HikariPool-1 - Added connection com.mysql.cj.jdbc.ConnectionImpl@5731f731
2025-08-19T21:10:58.077+05:30 DEBUG 10536 --- [cricket-app] [           main] org.hibernate.type.BasicTypeRegistry     : Adding type registration java.time.Duration -> basicType@1(java.time.Duration,3015)
2025-08-19T21:10:58.084+05:30 DEBUG 10536 --- [cricket-app] [           main] org.hibernate.type.BasicTypeRegistry     : Adding type registration org.hibernate.type.OffsetDateTimeType -> basicType@2(java.time.OffsetDateTime,3003)
2025-08-19T21:10:58.084+05:30 DEBUG 10536 --- [cricket-app] [           main] org.hibernate.type.BasicTypeRegistry     : Adding type registration OffsetDateTime -> basicType@2(java.time.OffsetDateTime,3003)
2025-08-19T21:10:58.084+05:30 DEBUG 10536 --- [cricket-app] [           main] org.hibernate.type.BasicTypeRegistry     : Adding type registration java.time.OffsetDateTime -> basicType@2(java.time.OffsetDateTime,3003)
2025-08-19T21:10:58.084+05:30 DEBUG 10536 --- [cricket-app] [           main] org.hibernate.type.BasicTypeRegistry     : Adding type registration org.hibernate.type.ZonedDateTimeType -> basicType@3(java.time.ZonedDateTime,3003)
2025-08-19T21:10:58.084+05:30 DEBUG 10536 --- [cricket-app] [           main] org.hibernate.type.BasicTypeRegistry     : Adding type registration ZonedDateTime -> basicType@3(java.time.ZonedDateTime,3003)
2025-08-19T21:10:58.084+05:30 DEBUG 10536 --- [cricket-app] [           main] org.hibernate.type.BasicTypeRegistry     : Adding type registration java.time.ZonedDateTime -> basicType@3(java.time.ZonedDateTime,3003)
2025-08-19T21:10:58.085+05:30 DEBUG 10536 --- [cricket-app] [           main] org.hibernate.type.BasicTypeRegistry     : Adding type registration org.hibernate.type.OffsetTimeType -> basicType@4(java.time.OffsetTime,3007)
2025-08-19T21:10:58.085+05:30 DEBUG 10536 --- [cricket-app] [           main] org.hibernate.type.BasicTypeRegistry     : Adding type registration OffsetTime -> basicType@4(java.time.OffsetTime,3007)
2025-08-19T21:10:58.085+05:30 DEBUG 10536 --- [cricket-app] [           main] org.hibernate.type.BasicTypeRegistry     : Adding type registration java.time.OffsetTime -> basicType@4(java.time.OffsetTime,3007)
2025-08-19T21:10:58.087+05:30 DEBUG 10536 --- [cricket-app] [           main] o.h.type.spi.TypeConfiguration$Scope     : Scoping TypeConfiguration [org.hibernate.type.spi.TypeConfiguration@163fbbc9] to MetadataBuildingContext [org.hibernate.boot.internal.MetadataBuildingContextRootImpl@1669f4e5]
2025-08-19T21:10:58.111+05:30 DEBUG 10536 --- [cricket-app] [onnection adder] com.zaxxer.hikari.pool.HikariPool        : HikariPool-1 - After adding stats (total=3, active=0, idle=3, waiting=0)
2025-08-19T21:10:58.132+05:30 DEBUG 10536 --- [cricket-app] [onnection adder] jdk.event.security                       : X509Certificate: Alg:SHA256withRSA, Serial:2, Subject:CN=MySQL_Server_8.0.39_Auto_Generated_Server_Certificate, Issuer:CN=MySQL_Server_8.0.39_Auto_Generated_CA_Certificate, Key type:RSA, Length:2048, Cert Id:4226635128, Valid from:02/09/24, 1:18 pm, Valid until:31/08/34, 1:18 pm
[...]

   WebSocketServletAutoConfiguration.UndertowWebSocketConfiguration:
      Did not match:
         - @ConditionalOnClass did not find required class 'io.undertow.websockets.jsr.Bootstrap' (OnClassCondition)

   XADataSourceAutoConfiguration:
      Did not match:
         - @ConditionalOnBean (types: org.springframework.boot.jdbc.XADataSourceWrapper; SearchStrategy: all) did not find any beans of type org.springframework.boot.jdbc.XADataSourceWrapper (OnBeanCondition)
      Matched:
         - @ConditionalOnClass found required classes 'javax.sql.DataSource', 'jakarta.transaction.TransactionManager', 'org.springframework.jdbc.datasource.embedded.EmbeddedDatabaseType' (OnClassCondition)

   ZipkinAutoConfiguration:
      Did not match:
         - @ConditionalOnClass did not find required class 'zipkin2.reporter.Encoding' (OnClassCondition)


Exclusions:
-----------

    None


Unconditional classes:
----------------------

    org.springframework.boot.autoconfigure.context.ConfigurationPropertiesAutoConfiguration

    org.springframework.boot.actuate.autoconfigure.availability.AvailabilityHealthContributorAutoConfiguration

    org.springframework.boot.autoconfigure.ssl.SslAutoConfiguration

    org.springframework.boot.actuate.autoconfigure.info.InfoContributorAutoConfiguration

    org.springframework.boot.autoconfigure.context.PropertyPlaceholderAutoConfiguration

    org.springframework.boot.autoconfigure.context.LifecycleAutoConfiguration

    org.springframework.boot.actuate.autoconfigure.metrics.integration.IntegrationMetricsAutoConfiguration

    org.springframework.boot.actuate.autoconfigure.endpoint.EndpointAutoConfiguration

    org.springframework.boot.actuate.autoconfigure.web.server.ManagementContextAutoConfiguration

    org.springframework.boot.actuate.autoconfigure.health.HealthContributorAutoConfiguration

    org.springframework.boot.actuate.autoconfigure.endpoint.jackson.JacksonEndpointAutoConfiguration

    org.springdoc.core.configuration.SpringDocSpecPropertiesConfiguration

    org.springframework.boot.autoconfigure.availability.ApplicationAvailabilityAutoConfiguration

    org.springframework.boot.autoconfigure.info.ProjectInfoAutoConfiguration



2025-08-19T21:11:05.513+05:30  INFO 10536 --- [cricket-app] [           main] c.d.cricket.CricketAppApplicationTests   : Started CricketAppApplicationTests in 14.449 seconds (process running for 16.731)
2025-08-19T21:11:05.714+05:30 DEBUG 10536 --- [cricket-app] [           main] o.s.b.a.ApplicationAvailabilityBean      : Application availability state LivenessState changed to CORRECT
2025-08-19T21:11:05.718+05:30 DEBUG 10536 --- [cricket-app] [           main] o.s.b.a.ApplicationAvailabilityBean      : Application availability state ReadinessState changed to ACCEPTING_TRAFFIC
2025-08-19T21:11:05.723+05:30 DEBUG 10536 --- [cricket-app] [           main] org.springframework.test.context.cache   : Spring test ApplicationContext cache statistics: [DefaultContextCache@7b5ffde0 size = 1, maxSize = 32, parentContextCount = 0, hitCount = 0, missCount = 1, failureCount = 0]
2025-08-19T21:11:05.724+05:30 DEBUG 10536 --- [cricket-app] [           main] o.s.t.c.w.ServletTestExecutionListener   : Setting up MockHttpServletRequest, MockHttpServletResponse, ServletWebRequest, and RequestContextHolder for test class com.dailycodebuffer.cricket.CricketAppApplicationTests
2025-08-19T21:11:05.748+05:30 DEBUG 10536 --- [cricket-app] [           main] DependencyInjectionTestExecutionListener : Performing dependency injection for test class com.dailycodebuffer.cricket.CricketAppApplicationTests
2025-08-19T21:11:05.749+05:30 DEBUG 10536 --- [cricket-app] [           main] org.springframework.test.context.cache   : Spring test ApplicationContext cache statistics: [DefaultContextCache@7b5ffde0 size = 1, maxSize = 32, parentContextCount = 0, hitCount = 1, missCount = 1, failureCount = 0]
2025-08-19T21:11:05.784+05:30 DEBUG 10536 --- [cricket-app] [           main] org.springframework.test.context.cache   : Spring test ApplicationContext cache statistics: [DefaultContextCache@7b5ffde0 size = 1, maxSize = 32, parentContextCount = 0, hitCount = 2, missCount = 1, failureCount = 0]
2025-08-19T21:11:05.802+05:30 DEBUG 10536 --- [cricket-app] [           main] sContextBeforeModesTestExecutionListener : Before test method: class [CricketAppApplicationTests], method [contextLoads], class annotated with @DirtiesContext [false] with mode [null], method annotated with @DirtiesContext [false] with mode [null]
2025-08-19T21:11:05.811+05:30 DEBUG 10536 --- [cricket-app] [           main] org.springframework.test.context.cache   : Spring test ApplicationContext cache statistics: [DefaultContextCache@7b5ffde0 size = 1, maxSize = 32, parentContextCount = 0, hitCount = 3, missCount = 1, failureCount = 0]
2025-08-19T21:11:05.812+05:30 DEBUG 10536 --- [cricket-app] [           main] org.springframework.test.context.cache   : Spring test ApplicationContext cache statistics: [DefaultContextCache@7b5ffde0 size = 1, maxSize = 32, parentContextCount = 0, hitCount = 4, missCount = 1, failureCount = 0]
2025-08-19T21:11:05.902+05:30 DEBUG 10536 --- [cricket-app] [           main] java.lang.ProcessBuilder                 : ProcessBuilder.start(): pid: 20064, dir: null, cmd: "C:\Program Files\Java\jdk-22\bin\java.exe"

java.lang.RuntimeException: ProcessBuilder.start() debug
	at java.base/java.lang.ProcessBuilder.start(ProcessBuilder.java:1147) ~[na:na]
	at java.base/java.lang.ProcessBuilder.start(ProcessBuilder.java:1089) ~[na:na]
	at net.bytebuddy.agent.ByteBuddyAgent.installExternal(ByteBuddyAgent.java:705) ~[byte-buddy-agent-1.14.17.jar:na]
	at net.bytebuddy.agent.ByteBuddyAgent.install(ByteBuddyAgent.java:636) ~[byte-buddy-agent-1.14.17.jar:na]
	at net.bytebuddy.agent.ByteBuddyAgent.install(ByteBuddyAgent.java:616) ~[byte-buddy-agent-1.14.17.jar:na]
	at net.bytebuddy.agent.ByteBuddyAgent.install(ByteBuddyAgent.java:568) ~[byte-buddy-agent-1.14.17.jar:na]
	at net.bytebuddy.agent.ByteBuddyAgent.install(ByteBuddyAgent.java:545) ~[byte-buddy-agent-1.14.17.jar:na]
	at org.mockito.internal.creation.bytebuddy.InlineDelegateByteBuddyMockMaker.<clinit>(InlineDelegateByteBuddyMockMaker.java:133) ~[mockito-core-5.11.0.jar:na]
	at org.mockito.internal.creation.bytebuddy.InlineByteBuddyMockMaker.<init>(InlineByteBuddyMockMaker.java:23) ~[mockito-core-5.11.0.jar:na]
	at java.base/jdk.internal.reflect.DirectConstructorHandleAccessor.newInstance(DirectConstructorHandleAccessor.java:62) ~[na:na]
	at java.base/java.lang.reflect.Constructor.newInstanceWithCaller(Constructor.java:502) ~[na:na]
	at java.base/java.lang.reflect.Constructor.newInstance(Constructor.java:486) ~[na:na]
	at org.mockito.internal.configuration.plugins.DefaultMockitoPlugins.create(DefaultMockitoPlugins.java:103) ~[mockito-core-5.11.0.jar:na]
	at org.mockito.internal.configuration.plugins.DefaultMockitoPlugins.getDefaultPlugin(DefaultMockitoPlugins.java:79) ~[mockito-core-5.11.0.jar:na]
	at org.mockito.internal.configuration.plugins.PluginLoader.loadPlugin(PluginLoader.java:75) ~[mockito-core-5.11.0.jar:na]
	at org.mockito.internal.configuration.plugins.PluginLoader.loadPlugin(PluginLoader.java:49) ~[mockito-core-5.11.0.jar:na]
	at org.mockito.internal.configuration.plugins.PluginRegistry.<init>(PluginRegistry.java:29) ~[mockito-core-5.11.0.jar:na]
	at org.mockito.internal.configuration.plugins.Plugins.<clinit>(Plugins.java:26) ~[mockito-core-5.11.0.jar:na]
	at org.mockito.internal.MockitoCore.<clinit>(MockitoCore.java:71) ~[mockito-core-5.11.0.jar:na]
	at org.mockito.Mockito.<clinit>(Mockito.java:1683) ~[mockito-core-5.11.0.jar:na]
	at org.springframework.boot.test.mock.mockito.MockReset.get(MockReset.java:105) ~[spring-boot-test-3.3.1.jar:3.3.1]
	at org.springframework.boot.test.mock.mockito.ResetMocksTestExecutionListener.resetMocks(ResetMocksTestExecutionListener.java:85) ~[spring-boot-test-3.3.1.jar:3.3.1]
	at org.springframework.boot.test.mock.mockito.ResetMocksTestExecutionListener.resetMocks(ResetMocksTestExecutionListener.java:73) ~[spring-boot-test-3.3.1.jar:3.3.1]
	at org.springframework.boot.test.mock.mockito.ResetMocksTestExecutionListener.beforeTestMethod(ResetMocksTestExecutionListener.java:60) ~[spring-boot-test-3.3.1.jar:3.3.1]
	at org.springframework.test.context.TestContextManager.beforeTestMethod(TestContextManager.java:320) ~[spring-test-6.1.10.jar:6.1.10]
	at org.springframework.test.context.junit.jupiter.SpringExtension.beforeEach(SpringExtension.java:240) ~[spring-test-6.1.10.jar:6.1.10]
	at org.junit.jupiter.engine.descriptor.TestMethodTestDescriptor.lambda$invokeBeforeEachCallbacks$2(TestMethodTestDescriptor.java:167) ~[junit-jupiter-engine-5.10.2.jar:5.10.2]
	at org.junit.jupiter.engine.descriptor.TestMethodTestDescriptor.lambda$invokeBeforeMethodsOrCallbacksUntilExceptionOccurs$6(TestMethodTestDescriptor.java:203) ~[junit-jupiter-engine-5.10.2.jar:5.10.2]
	at org.junit.platform.engine.support.hierarchical.ThrowableCollector.execute(ThrowableCollector.java:73) ~[junit-platform-engine-1.10.2.jar:1.10.2]
	at org.junit.jupiter.engine.descriptor.TestMethodTestDescriptor.invokeBeforeMethodsOrCallbacksUntilExceptionOccurs(TestMethodTestDescriptor.java:203) ~[junit-jupiter-engine-5.10.2.jar:5.10.2]
	at org.junit.jupiter.engine.descriptor.TestMethodTestDescriptor.invokeBeforeEachCallbacks(TestMethodTestDescriptor.java:166) ~[junit-jupiter-engine-5.10.2.jar:5.10.2]
	at org.junit.jupiter.engine.descriptor.TestMethodTestDescriptor.execute(TestMethodTestDescriptor.java:133) ~[junit-jupiter-engine-5.10.2.jar:5.10.2]
	at org.junit.jupiter.engine.descriptor.TestMethodTestDescriptor.execute(TestMethodTestDescriptor.java:69) ~[junit-jupiter-engine-5.10.2.jar:5.10.2]
	at org.junit.platform.engine.support.hierarchical.NodeTestTask.lambda$executeRecursively$6(NodeTestTask.java:151) ~[junit-platform-engine-1.10.2.jar:1.10.2]
	at org.junit.platform.engine.support.hierarchical.ThrowableCollector.execute(ThrowableCollector.java:73) ~[junit-platform-engine-1.10.2.jar:1.10.2]
	at org.junit.platform.engine.support.hierarchical.NodeTestTask.lambda$executeRecursively$8(NodeTestTask.java:141) ~[junit-platform-engine-1.10.2.jar:1.10.2]
	at org.junit.platform.engine.support.hierarchical.Node.around(Node.java:137) ~[junit-platform-engine-1.10.2.jar:1.10.2]
	at org.junit.platform.engine.support.hierarchical.NodeTestTask.lambda$executeRecursively$9(NodeTestTask.java:139) ~[junit-platform-engine-1.10.2.jar:1.10.2]
	at org.junit.platform.engine.support.hierarchical.ThrowableCollector.execute(ThrowableCollector.java:73) ~[junit-platform-engine-1.10.2.jar:1.10.2]
	at org.junit.platform.engine.support.hierarchical.NodeTestTask.executeRecursively(NodeTestTask.java:138) ~[junit-platform-engine-1.10.2.jar:1.10.2]
	at org.junit.platform.engine.support.hierarchical.NodeTestTask.execute(NodeTestTask.java:95) ~[junit-platform-engine-1.10.2.jar:1.10.2]
	at java.base/java.util.ArrayList.forEach(ArrayList.java:1597) ~[na:na]
	at org.junit.platform.engine.support.hierarchical.SameThreadHierarchicalTestExecutorService.invokeAll(SameThreadHierarchicalTestExecutorService.java:41) ~[junit-platform-engine-1.10.2.jar:1.10.2]
	at org.junit.platform.engine.support.hierarchical.NodeTestTask.lambda$executeRecursively$6(NodeTestTask.java:155) ~[junit-platform-engine-1.10.2.jar:1.10.2]
	at org.junit.platform.engine.support.hierarchical.ThrowableCollector.execute(ThrowableCollector.java:73) ~[junit-platform-engine-1.10.2.jar:1.10.2]
	at org.junit.platform.engine.support.hierarchical.NodeTestTask.lambda$executeRecursively$8(NodeTestTask.java:141) ~[junit-platform-engine-1.10.2.jar:1.10.2]
	at org.junit.platform.engine.support.hierarchical.Node.around(Node.java:137) ~[junit-platform-engine-1.10.2.jar:1.10.2]
	at org.junit.platform.engine.support.hierarchical.NodeTestTask.lambda$executeRecursively$9(NodeTestTask.java:139) ~[junit-platform-engine-1.10.2.jar:1.10.2]
	at org.junit.platform.engine.support.hierarchical.ThrowableCollector.execute(ThrowableCollector.java:73) ~[junit-platform-engine-1.10.2.jar:1.10.2]
	at org.junit.platform.engine.support.hierarchical.NodeTestTask.executeRecursively(NodeTestTask.java:138) ~[junit-platform-engine-1.10.2.jar:1.10.2]
	at org.junit.platform.engine.support.hierarchical.NodeTestTask.execute(NodeTestTask.java:95) ~[junit-platform-engine-1.10.2.jar:1.10.2]
	at java.base/java.util.ArrayList.forEach(ArrayList.java:1597) ~[na:na]
	at org.junit.platform.engine.support.hierarchical.SameThreadHierarchicalTestExecutorService.invokeAll(SameThreadHierarchicalTestExecutorService.java:41) ~[junit-platform-engine-1.10.2.jar:1.10.2]
	at org.junit.platform.engine.support.hierarchical.NodeTestTask.lambda$executeRecursively$6(NodeTestTask.java:155) ~[junit-platform-engine-1.10.2.jar:1.10.2]
	at org.junit.platform.engine.support.hierarchical.ThrowableCollector.execute(ThrowableCollector.java:73) ~[junit-platform-engine-1.10.2.jar:1.10.2]
	at org.junit.platform.engine.support.hierarchical.NodeTestTask.lambda$executeRecursively$8(NodeTestTask.java:141) ~[junit-platform-engine-1.10.2.jar:1.10.2]
	at org.junit.platform.engine.support.hierarchical.Node.around(Node.java:137) ~[junit-platform-engine-1.10.2.jar:1.10.2]
	at org.junit.platform.engine.support.hierarchical.NodeTestTask.lambda$executeRecursively$9(NodeTestTask.java:139) ~[junit-platform-engine-1.10.2.jar:1.10.2]
	at org.junit.platform.engine.support.hierarchical.ThrowableCollector.execute(ThrowableCollector.java:73) ~[junit-platform-engine-1.10.2.jar:1.10.2]
	at org.junit.platform.engine.support.hierarchical.NodeTestTask.executeRecursively(NodeTestTask.java:138) ~[junit-platform-engine-1.10.2.jar:1.10.2]
	at org.junit.platform.engine.support.hierarchical.NodeTestTask.execute(NodeTestTask.java:95) ~[junit-platform-engine-1.10.2.jar:1.10.2]
	at org.junit.platform.engine.support.hierarchical.SameThreadHierarchicalTestExecutorService.submit(SameThreadHierarchicalTestExecutorService.java:35) ~[junit-platform-engine-1.10.2.jar:1.10.2]
	at org.junit.platform.engine.support.hierarchical.HierarchicalTestExecutor.execute(HierarchicalTestExecutor.java:57) ~[junit-platform-engine-1.10.2.jar:1.10.2]
	at org.junit.platform.engine.support.hierarchical.HierarchicalTestEngine.execute(HierarchicalTestEngine.java:54) ~[junit-platform-engine-1.10.2.jar:1.10.2]
	at org.junit.platform.launcher.core.EngineExecutionOrchestrator.execute(EngineExecutionOrchestrator.java:198) ~[junit-platform-launcher-1.10.2.jar:1.10.2]
	at org.junit.platform.launcher.core.EngineExecutionOrchestrator.execute(EngineExecutionOrchestrator.java:169) ~[junit-platform-launcher-1.10.2.jar:1.10.2]
	at org.junit.platform.launcher.core.EngineExecutionOrchestrator.execute(EngineExecutionOrchestrator.java:93) ~[junit-platform-launcher-1.10.2.jar:1.10.2]
	at org.junit.platform.launcher.core.EngineExecutionOrchestrator.lambda$execute$0(EngineExecutionOrchestrator.java:58) ~[junit-platform-launcher-1.10.2.jar:1.10.2]
	at org.junit.platform.launcher.core.EngineExecutionOrchestrator.withInterceptedStreams(EngineExecutionOrchestrator.java:141) ~[junit-platform-launcher-1.10.2.jar:1.10.2]
	at org.junit.platform.launcher.core.EngineExecutionOrchestrator.execute(EngineExecutionOrchestrator.java:57) ~[junit-platform-launcher-1.10.2.jar:1.10.2]
	at org.junit.platform.launcher.core.DefaultLauncher.execute(DefaultLauncher.java:103) ~[junit-platform-launcher-1.10.2.jar:1.10.2]
	at org.junit.platform.launcher.core.DefaultLauncher.execute(DefaultLauncher.java:85) ~[junit-platform-launcher-1.10.2.jar:1.10.2]
	at org.junit.platform.launcher.core.DelegatingLauncher.execute(DelegatingLauncher.java:47) ~[junit-platform-launcher-1.10.2.jar:1.10.2]
	at org.apache.maven.surefire.junitplatform.LazyLauncher.execute(LazyLauncher.java:56) ~[surefire-junit-platform-3.2.5.jar:3.2.5]
	at org.apache.maven.surefire.junitplatform.JUnitPlatformProvider.execute(JUnitPlatformProvider.java:184) ~[surefire-junit-platform-3.2.5.jar:3.2.5]
	at org.apache.maven.surefire.junitplatform.JUnitPlatformProvider.invokeAllTests(JUnitPlatformProvider.java:148) ~[surefire-junit-platform-3.2.5.jar:3.2.5]
	at org.apache.maven.surefire.junitplatform.JUnitPlatformProvider.invoke(JUnitPlatformProvider.java:122) ~[surefire-junit-platform-3.2.5.jar:3.2.5]
	at org.apache.maven.surefire.booter.ForkedBooter.runSuitesInProcess(ForkedBooter.java:385) ~[surefire-booter-3.2.5.jar:3.2.5]
	at org.apache.maven.surefire.booter.ForkedBooter.execute(ForkedBooter.java:162) ~[surefire-booter-3.2.5.jar:3.2.5]
	at org.apache.maven.surefire.booter.ForkedBooter.run(ForkedBooter.java:507) ~[surefire-booter-3.2.5.jar:3.2.5]
	at org.apache.maven.surefire.booter.ForkedBooter.main(ForkedBooter.java:495) ~[surefire-booter-3.2.5.jar:3.2.5]

2025-08-19T21:11:06.618+05:30 DEBUG 10536 --- [cricket-app] [           main] org.springframework.test.context.cache   : Spring test ApplicationContext cache statistics: [DefaultContextCache@7b5ffde0 size = 1, maxSize = 32, parentContextCount = 0, hitCount = 5, missCount = 1, failureCount = 0]
2025-08-19T21:11:06.628+05:30 DEBUG 10536 --- [cricket-app] [           main] org.springframework.test.context.cache   : Spring test ApplicationContext cache statistics: [DefaultContextCache@7b5ffde0 size = 1, maxSize = 32, parentContextCount = 0, hitCount = 6, missCount = 1, failureCount = 0]
2025-08-19T21:11:06.629+05:30 DEBUG 10536 --- [cricket-app] [           main] org.springframework.test.context.cache   : Spring test ApplicationContext cache statistics: [DefaultContextCache@7b5ffde0 size = 1, maxSize = 32, parentContextCount = 0, hitCount = 7, missCount = 1, failureCount = 0]
2025-08-19T21:11:06.629+05:30 DEBUG 10536 --- [cricket-app] [           main] org.springframework.test.context.cache   : Spring test ApplicationContext cache statistics: [DefaultContextCache@7b5ffde0 size = 1, maxSize = 32, parentContextCount = 0, hitCount = 8, missCount = 1, failureCount = 0]
2025-08-19T21:11:06.631+05:30 DEBUG 10536 --- [cricket-app] [           main] org.springframework.test.context.cache   : Spring test ApplicationContext cache statistics: [DefaultContextCache@7b5ffde0 size = 1, maxSize = 32, parentContextCount = 0, hitCount = 9, missCount = 1, failureCount = 0]
2025-08-19T21:11:06.633+05:30 DEBUG 10536 --- [cricket-app] [           main] org.springframework.test.context.cache   : Spring test ApplicationContext cache statistics: [DefaultContextCache@7b5ffde0 size = 1, maxSize = 32, parentContextCount = 0, hitCount = 10, missCount = 1, failureCount = 0]
2025-08-19T21:11:06.638+05:30 DEBUG 10536 --- [cricket-app] [           main] org.springframework.test.context.cache   : Spring test ApplicationContext cache statistics: [DefaultContextCache@7b5ffde0 size = 1, maxSize = 32, parentContextCount = 0, hitCount = 11, missCount = 1, failureCount = 0]
2025-08-19T21:11:06.639+05:30 DEBUG 10536 --- [cricket-app] [           main] .c.s.DirtiesContextTestExecutionListener : After test method: class [CricketAppApplicationTests], method [contextLoads], class annotated with @DirtiesContext [false] with mode [null], method annotated with @DirtiesContext [false] with mode [null]
2025-08-19T21:11:06.639+05:30 DEBUG 10536 --- [cricket-app] [           main] o.s.t.c.w.ServletTestExecutionListener   : Resetting RequestContextHolder for test class com.dailycodebuffer.cricket.CricketAppApplicationTests
]]></system-out>
    <system-err><![CDATA[WARNING: A Java agent has been loaded dynamically (C:\Users\admin\.m2\repository\net\bytebuddy\byte-buddy-agent\1.14.17\byte-buddy-agent-1.14.17.jar)
WARNING: If a serviceability tool is in use, please run with -XX:+EnableDynamicAgentLoading to hide this warning
WARNING: If a serviceability tool is not in use, please run with -Djdk.instrument.traceUsage for more information
WARNING: Dynamic loading of agents will be disallowed by default in a future release
]]></system-err>
  </testcase>
</testsuite>